2019-06-06 17:49:13	admin	http://localhost/	Parse Error: 	syntax error, unexpected '<', expecting end of file (line 10 of C:\My workspace\processwire-dev\site\assets\cache\FileCompiler\site\templates\home.php)
2019-06-06 19:21:05	admin	http://localhost/	Parse Error: 	syntax error, unexpected '!', expecting ',' or ';' (line 11 of C:\My workspace\processwire-dev\site\assets\cache\FileCompiler\site\templates\home.php)
2019-06-07 07:58:19	guest	http://localhost/	Parse Error: 	syntax error, unexpected '}', expecting end of file (line 14 of C:\My workspace\processwire-dev\site\assets\cache\FileCompiler\site\templates\home.php)
2019-06-07 08:28:14	admin	http://localhost/	Fatal Error: 	Uncaught Error: Call to a member function get() on null in C:\My workspace\processwire-dev\site\assets\cache\FileCompiler\site\templates\home.php:14 Stack trace: #0 C:\My workspace\processwire-dev\wire\core\TemplateFile.php(287): require() #1 C:\My workspace\processwire-dev\wire\core\Wire.php(380): ProcessWire\TemplateFile->___render() #2 C:\My workspace\processwire-dev\wire\core\WireHooks.php(733): ProcessWire\Wire->_callMethod('___render', Array) #3 C:\My workspace\processwire-dev\wire\core\Wire.php(442): ProcessWire\WireHooks->runHooks(Object(ProcessWire\TemplateFile), 'render', Array) #4 C:\My workspace\processwire-dev\wire\modules\PageRender.module(514): ProcessWire\Wire->__call('render', Array) #5 C:\My workspace\processwire-dev\wire\core\Wire.php(383): ProcessWire\PageRender->___renderPage(Object(ProcessWire\HookEvent)) #6 C:\My workspace\processwire-dev\wire\core\WireHooks.php(733): ProcessWire\Wire->_callMethod('___renderPage', Array) #7 C:\My workspace\processwire-dev\wire\core\Wire.php(442): Proces (line 14 of C:\My workspace\processwire-dev\site\assets\cache\FileCompiler\site\templates\home.php)
2019-06-07 08:28:55	admin	http://localhost/	Fatal Error: 	Uncaught Error: Call to a member function get() on null in C:\My workspace\processwire-dev\site\assets\cache\FileCompiler\site\templates\home.php:14 Stack trace: #0 C:\My workspace\processwire-dev\wire\core\TemplateFile.php(287): require() #1 C:\My workspace\processwire-dev\wire\core\Wire.php(380): ProcessWire\TemplateFile->___render() #2 C:\My workspace\processwire-dev\wire\core\WireHooks.php(733): ProcessWire\Wire->_callMethod('___render', Array) #3 C:\My workspace\processwire-dev\wire\core\Wire.php(442): ProcessWire\WireHooks->runHooks(Object(ProcessWire\TemplateFile), 'render', Array) #4 C:\My workspace\processwire-dev\wire\modules\PageRender.module(514): ProcessWire\Wire->__call('render', Array) #5 C:\My workspace\processwire-dev\wire\core\Wire.php(383): ProcessWire\PageRender->___renderPage(Object(ProcessWire\HookEvent)) #6 C:\My workspace\processwire-dev\wire\core\WireHooks.php(733): ProcessWire\Wire->_callMethod('___renderPage', Array) #7 C:\My workspace\processwire-dev\wire\core\Wire.php(442): Proces (line 14 of C:\My workspace\processwire-dev\site\assets\cache\FileCompiler\site\templates\home.php)
2019-06-07 08:29:19	admin	http://localhost/	Fatal Error: 	Uncaught Error: Call to a member function get() on null in C:\My workspace\processwire-dev\site\assets\cache\FileCompiler\site\templates\home.php:14 Stack trace: #0 C:\My workspace\processwire-dev\wire\core\TemplateFile.php(287): require() #1 C:\My workspace\processwire-dev\wire\core\Wire.php(380): ProcessWire\TemplateFile->___render() #2 C:\My workspace\processwire-dev\wire\core\WireHooks.php(733): ProcessWire\Wire->_callMethod('___render', Array) #3 C:\My workspace\processwire-dev\wire\core\Wire.php(442): ProcessWire\WireHooks->runHooks(Object(ProcessWire\TemplateFile), 'render', Array) #4 C:\My workspace\processwire-dev\wire\modules\PageRender.module(514): ProcessWire\Wire->__call('render', Array) #5 C:\My workspace\processwire-dev\wire\core\Wire.php(383): ProcessWire\PageRender->___renderPage(Object(ProcessWire\HookEvent)) #6 C:\My workspace\processwire-dev\wire\core\WireHooks.php(733): ProcessWire\Wire->_callMethod('___renderPage', Array) #7 C:\My workspace\processwire-dev\wire\core\Wire.php(442): Proces (line 14 of C:\My workspace\processwire-dev\site\assets\cache\FileCompiler\site\templates\home.php)
2019-06-07 08:29:38	admin	http://localhost/	Fatal Error: 	Uncaught Error: Call to a member function get() on null in C:\My workspace\processwire-dev\site\assets\cache\FileCompiler\site\templates\home.php:14 Stack trace: #0 C:\My workspace\processwire-dev\wire\core\TemplateFile.php(287): require() #1 C:\My workspace\processwire-dev\wire\core\Wire.php(380): ProcessWire\TemplateFile->___render() #2 C:\My workspace\processwire-dev\wire\core\WireHooks.php(733): ProcessWire\Wire->_callMethod('___render', Array) #3 C:\My workspace\processwire-dev\wire\core\Wire.php(442): ProcessWire\WireHooks->runHooks(Object(ProcessWire\TemplateFile), 'render', Array) #4 C:\My workspace\processwire-dev\wire\modules\PageRender.module(514): ProcessWire\Wire->__call('render', Array) #5 C:\My workspace\processwire-dev\wire\core\Wire.php(383): ProcessWire\PageRender->___renderPage(Object(ProcessWire\HookEvent)) #6 C:\My workspace\processwire-dev\wire\core\WireHooks.php(733): ProcessWire\Wire->_callMethod('___renderPage', Array) #7 C:\My workspace\processwire-dev\wire\core\Wire.php(442): Proces (line 14 of C:\My workspace\processwire-dev\site\assets\cache\FileCompiler\site\templates\home.php)
2019-06-07 08:29:40	admin	http://localhost/	Fatal Error: 	Uncaught Error: Call to a member function get() on null in C:\My workspace\processwire-dev\site\assets\cache\FileCompiler\site\templates\home.php:14 Stack trace: #0 C:\My workspace\processwire-dev\wire\core\TemplateFile.php(287): require() #1 C:\My workspace\processwire-dev\wire\core\Wire.php(380): ProcessWire\TemplateFile->___render() #2 C:\My workspace\processwire-dev\wire\core\WireHooks.php(733): ProcessWire\Wire->_callMethod('___render', Array) #3 C:\My workspace\processwire-dev\wire\core\Wire.php(442): ProcessWire\WireHooks->runHooks(Object(ProcessWire\TemplateFile), 'render', Array) #4 C:\My workspace\processwire-dev\wire\modules\PageRender.module(514): ProcessWire\Wire->__call('render', Array) #5 C:\My workspace\processwire-dev\wire\core\Wire.php(383): ProcessWire\PageRender->___renderPage(Object(ProcessWire\HookEvent)) #6 C:\My workspace\processwire-dev\wire\core\WireHooks.php(733): ProcessWire\Wire->_callMethod('___renderPage', Array) #7 C:\My workspace\processwire-dev\wire\core\Wire.php(442): Proces (line 14 of C:\My workspace\processwire-dev\site\assets\cache\FileCompiler\site\templates\home.php)
2019-06-07 08:29:59	admin	http://localhost/	Fatal Error: 	Uncaught Error: Call to a member function get() on null in C:\My workspace\processwire-dev\site\assets\cache\FileCompiler\site\templates\home.php:14 Stack trace: #0 C:\My workspace\processwire-dev\wire\core\TemplateFile.php(287): require() #1 C:\My workspace\processwire-dev\wire\core\Wire.php(380): ProcessWire\TemplateFile->___render() #2 C:\My workspace\processwire-dev\wire\core\WireHooks.php(733): ProcessWire\Wire->_callMethod('___render', Array) #3 C:\My workspace\processwire-dev\wire\core\Wire.php(442): ProcessWire\WireHooks->runHooks(Object(ProcessWire\TemplateFile), 'render', Array) #4 C:\My workspace\processwire-dev\wire\modules\PageRender.module(514): ProcessWire\Wire->__call('render', Array) #5 C:\My workspace\processwire-dev\wire\core\Wire.php(383): ProcessWire\PageRender->___renderPage(Object(ProcessWire\HookEvent)) #6 C:\My workspace\processwire-dev\wire\core\WireHooks.php(733): ProcessWire\Wire->_callMethod('___renderPage', Array) #7 C:\My workspace\processwire-dev\wire\core\Wire.php(442): Proces (line 14 of C:\My workspace\processwire-dev\site\assets\cache\FileCompiler\site\templates\home.php)
2019-06-07 08:34:10	admin	http://localhost/	Fatal Error: 	Uncaught Error: Call to a member function get() on null in C:\My workspace\processwire-dev\site\assets\cache\FileCompiler\site\templates\home.php:14 Stack trace: #0 C:\My workspace\processwire-dev\wire\core\TemplateFile.php(287): require() #1 C:\My workspace\processwire-dev\wire\core\Wire.php(380): ProcessWire\TemplateFile->___render() #2 C:\My workspace\processwire-dev\wire\core\WireHooks.php(733): ProcessWire\Wire->_callMethod('___render', Array) #3 C:\My workspace\processwire-dev\wire\core\Wire.php(442): ProcessWire\WireHooks->runHooks(Object(ProcessWire\TemplateFile), 'render', Array) #4 C:\My workspace\processwire-dev\wire\modules\PageRender.module(514): ProcessWire\Wire->__call('render', Array) #5 C:\My workspace\processwire-dev\wire\core\Wire.php(383): ProcessWire\PageRender->___renderPage(Object(ProcessWire\HookEvent)) #6 C:\My workspace\processwire-dev\wire\core\WireHooks.php(733): ProcessWire\Wire->_callMethod('___renderPage', Array) #7 C:\My workspace\processwire-dev\wire\core\Wire.php(442): Proces (line 14 of C:\My workspace\processwire-dev\site\assets\cache\FileCompiler\site\templates\home.php)
2019-06-07 08:37:01	admin	http://localhost/	Fatal Error: 	Uncaught Error: Call to a member function get() on null in C:\My workspace\processwire-dev\site\assets\cache\FileCompiler\site\templates\home.php:14 Stack trace: #0 C:\My workspace\processwire-dev\wire\core\TemplateFile.php(287): require() #1 C:\My workspace\processwire-dev\wire\core\Wire.php(380): ProcessWire\TemplateFile->___render() #2 C:\My workspace\processwire-dev\wire\core\WireHooks.php(733): ProcessWire\Wire->_callMethod('___render', Array) #3 C:\My workspace\processwire-dev\wire\core\Wire.php(442): ProcessWire\WireHooks->runHooks(Object(ProcessWire\TemplateFile), 'render', Array) #4 C:\My workspace\processwire-dev\wire\modules\PageRender.module(514): ProcessWire\Wire->__call('render', Array) #5 C:\My workspace\processwire-dev\wire\core\Wire.php(383): ProcessWire\PageRender->___renderPage(Object(ProcessWire\HookEvent)) #6 C:\My workspace\processwire-dev\wire\core\WireHooks.php(733): ProcessWire\Wire->_callMethod('___renderPage', Array) #7 C:\My workspace\processwire-dev\wire\core\Wire.php(442): Proces (line 14 of C:\My workspace\processwire-dev\site\assets\cache\FileCompiler\site\templates\home.php)
2019-06-07 08:39:27	admin	http://localhost/	Fatal Error: 	Uncaught Error: Call to a member function get() on null in C:\My workspace\processwire-dev\site\assets\cache\FileCompiler\site\templates\home.php:14 Stack trace: #0 C:\My workspace\processwire-dev\wire\core\TemplateFile.php(287): require() #1 C:\My workspace\processwire-dev\wire\core\Wire.php(380): ProcessWire\TemplateFile->___render() #2 C:\My workspace\processwire-dev\wire\core\WireHooks.php(733): ProcessWire\Wire->_callMethod('___render', Array) #3 C:\My workspace\processwire-dev\wire\core\Wire.php(442): ProcessWire\WireHooks->runHooks(Object(ProcessWire\TemplateFile), 'render', Array) #4 C:\My workspace\processwire-dev\wire\modules\PageRender.module(514): ProcessWire\Wire->__call('render', Array) #5 C:\My workspace\processwire-dev\wire\core\Wire.php(383): ProcessWire\PageRender->___renderPage(Object(ProcessWire\HookEvent)) #6 C:\My workspace\processwire-dev\wire\core\WireHooks.php(733): ProcessWire\Wire->_callMethod('___renderPage', Array) #7 C:\My workspace\processwire-dev\wire\core\Wire.php(442): Proces (line 14 of C:\My workspace\processwire-dev\site\assets\cache\FileCompiler\site\templates\home.php)
2019-06-07 08:52:16	admin	http://localhost/	Fatal Error: 	Uncaught Error: Call to a member function get() on null in C:\My workspace\processwire-dev\site\assets\cache\FileCompiler\site\templates\home.php:14 Stack trace: #0 C:\My workspace\processwire-dev\wire\core\TemplateFile.php(287): require() #1 C:\My workspace\processwire-dev\wire\core\Wire.php(380): ProcessWire\TemplateFile->___render() #2 C:\My workspace\processwire-dev\wire\core\WireHooks.php(733): ProcessWire\Wire->_callMethod('___render', Array) #3 C:\My workspace\processwire-dev\wire\core\Wire.php(442): ProcessWire\WireHooks->runHooks(Object(ProcessWire\TemplateFile), 'render', Array) #4 C:\My workspace\processwire-dev\wire\modules\PageRender.module(514): ProcessWire\Wire->__call('render', Array) #5 C:\My workspace\processwire-dev\wire\core\Wire.php(383): ProcessWire\PageRender->___renderPage(Object(ProcessWire\HookEvent)) #6 C:\My workspace\processwire-dev\wire\core\WireHooks.php(733): ProcessWire\Wire->_callMethod('___renderPage', Array) #7 C:\My workspace\processwire-dev\wire\core\Wire.php(442): Proces (line 14 of C:\My workspace\processwire-dev\site\assets\cache\FileCompiler\site\templates\home.php)
2019-06-07 08:57:05	admin	http://localhost/	Fatal Error: 	Uncaught Error: Call to a member function get() on null in C:\My workspace\processwire-dev\site\assets\cache\FileCompiler\site\templates\home.php:14 Stack trace: #0 C:\My workspace\processwire-dev\wire\core\TemplateFile.php(287): require() #1 C:\My workspace\processwire-dev\wire\core\Wire.php(380): ProcessWire\TemplateFile->___render() #2 C:\My workspace\processwire-dev\wire\core\WireHooks.php(733): ProcessWire\Wire->_callMethod('___render', Array) #3 C:\My workspace\processwire-dev\wire\core\Wire.php(442): ProcessWire\WireHooks->runHooks(Object(ProcessWire\TemplateFile), 'render', Array) #4 C:\My workspace\processwire-dev\wire\modules\PageRender.module(514): ProcessWire\Wire->__call('render', Array) #5 C:\My workspace\processwire-dev\wire\core\Wire.php(383): ProcessWire\PageRender->___renderPage(Object(ProcessWire\HookEvent)) #6 C:\My workspace\processwire-dev\wire\core\WireHooks.php(733): ProcessWire\Wire->_callMethod('___renderPage', Array) #7 C:\My workspace\processwire-dev\wire\core\Wire.php(442): Proces (line 14 of C:\My workspace\processwire-dev\site\assets\cache\FileCompiler\site\templates\home.php)
2019-06-07 08:59:04	admin	http://localhost/	Fatal Error: 	Uncaught Error: Call to a member function get() on null in C:\My workspace\processwire-dev\site\assets\cache\FileCompiler\site\templates\home.php:13 Stack trace: #0 C:\My workspace\processwire-dev\wire\core\TemplateFile.php(287): require() #1 C:\My workspace\processwire-dev\wire\core\Wire.php(380): ProcessWire\TemplateFile->___render() #2 C:\My workspace\processwire-dev\wire\core\WireHooks.php(733): ProcessWire\Wire->_callMethod('___render', Array) #3 C:\My workspace\processwire-dev\wire\core\Wire.php(442): ProcessWire\WireHooks->runHooks(Object(ProcessWire\TemplateFile), 'render', Array) #4 C:\My workspace\processwire-dev\wire\modules\PageRender.module(514): ProcessWire\Wire->__call('render', Array) #5 C:\My workspace\processwire-dev\wire\core\Wire.php(383): ProcessWire\PageRender->___renderPage(Object(ProcessWire\HookEvent)) #6 C:\My workspace\processwire-dev\wire\core\WireHooks.php(733): ProcessWire\Wire->_callMethod('___renderPage', Array) #7 C:\My workspace\processwire-dev\wire\core\Wire.php(442): Proces (line 13 of C:\My workspace\processwire-dev\site\assets\cache\FileCompiler\site\templates\home.php)
2019-06-07 09:02:55	admin	http://localhost/	Fatal Error: 	Uncaught Error: Call to a member function get() on null in C:\My workspace\processwire-dev\site\assets\cache\FileCompiler\site\templates\home.php:13 Stack trace: #0 C:\My workspace\processwire-dev\wire\core\TemplateFile.php(287): require() #1 C:\My workspace\processwire-dev\wire\core\Wire.php(380): ProcessWire\TemplateFile->___render() #2 C:\My workspace\processwire-dev\wire\core\WireHooks.php(733): ProcessWire\Wire->_callMethod('___render', Array) #3 C:\My workspace\processwire-dev\wire\core\Wire.php(442): ProcessWire\WireHooks->runHooks(Object(ProcessWire\TemplateFile), 'render', Array) #4 C:\My workspace\processwire-dev\wire\modules\PageRender.module(514): ProcessWire\Wire->__call('render', Array) #5 C:\My workspace\processwire-dev\wire\core\Wire.php(383): ProcessWire\PageRender->___renderPage(Object(ProcessWire\HookEvent)) #6 C:\My workspace\processwire-dev\wire\core\WireHooks.php(733): ProcessWire\Wire->_callMethod('___renderPage', Array) #7 C:\My workspace\processwire-dev\wire\core\Wire.php(442): Proces (line 13 of C:\My workspace\processwire-dev\site\assets\cache\FileCompiler\site\templates\home.php)
2019-06-07 09:05:49	admin	http://localhost/	Fatal Error: 	Uncaught Error: Call to a member function get() on null in C:\My workspace\processwire-dev\site\assets\cache\FileCompiler\site\templates\home.php:13 Stack trace: #0 C:\My workspace\processwire-dev\wire\core\TemplateFile.php(287): require() #1 C:\My workspace\processwire-dev\wire\core\Wire.php(380): ProcessWire\TemplateFile->___render() #2 C:\My workspace\processwire-dev\wire\core\WireHooks.php(733): ProcessWire\Wire->_callMethod('___render', Array) #3 C:\My workspace\processwire-dev\wire\core\Wire.php(442): ProcessWire\WireHooks->runHooks(Object(ProcessWire\TemplateFile), 'render', Array) #4 C:\My workspace\processwire-dev\wire\modules\PageRender.module(514): ProcessWire\Wire->__call('render', Array) #5 C:\My workspace\processwire-dev\wire\core\Wire.php(383): ProcessWire\PageRender->___renderPage(Object(ProcessWire\HookEvent)) #6 C:\My workspace\processwire-dev\wire\core\WireHooks.php(733): ProcessWire\Wire->_callMethod('___renderPage', Array) #7 C:\My workspace\processwire-dev\wire\core\Wire.php(442): Proces (line 13 of C:\My workspace\processwire-dev\site\assets\cache\FileCompiler\site\templates\home.php)
2019-06-07 09:08:29	admin	http://localhost/	Fatal Error: 	Uncaught Error: Call to a member function get() on null in C:\My workspace\processwire-dev\site\assets\cache\FileCompiler\site\templates\home.php:13 Stack trace: #0 C:\My workspace\processwire-dev\wire\core\TemplateFile.php(287): require() #1 C:\My workspace\processwire-dev\wire\core\Wire.php(380): ProcessWire\TemplateFile->___render() #2 C:\My workspace\processwire-dev\wire\core\WireHooks.php(733): ProcessWire\Wire->_callMethod('___render', Array) #3 C:\My workspace\processwire-dev\wire\core\Wire.php(442): ProcessWire\WireHooks->runHooks(Object(ProcessWire\TemplateFile), 'render', Array) #4 C:\My workspace\processwire-dev\wire\modules\PageRender.module(514): ProcessWire\Wire->__call('render', Array) #5 C:\My workspace\processwire-dev\wire\core\Wire.php(383): ProcessWire\PageRender->___renderPage(Object(ProcessWire\HookEvent)) #6 C:\My workspace\processwire-dev\wire\core\WireHooks.php(733): ProcessWire\Wire->_callMethod('___renderPage', Array) #7 C:\My workspace\processwire-dev\wire\core\Wire.php(442): Proces (line 13 of C:\My workspace\processwire-dev\site\assets\cache\FileCompiler\site\templates\home.php)
2019-06-07 09:16:46	?	http://localhost/	Fatal Error: 	Uncaught Error: Class 'WireData' not found in C:\My workspace\processwire-dev\site\modules\AllInOneMinify\AllInOneMinify.module:31 Stack trace: #0 C:\My workspace\processwire-dev\wire\core\Modules.php(1545): include_once() #1 C:\My workspace\processwire-dev\wire\core\Modules.php(1026): ProcessWire\Modules->includeModuleFile('C:/My workspace...', 'AllInOneMinify') #2 C:\My workspace\processwire-dev\wire\core\Modules.php(848): ProcessWire\Modules->loadModule('C:/My workspace...', 'C:/My workspace...', Array, Array) #3 C:\My workspace\processwire-dev\wire\core\Modules.php(369): ProcessWire\Modules->load('C:/My workspace...') #4 C:\My workspace\processwire-dev\wire\core\ProcessWire.php(411): ProcessWire\Modules->init() #5 C:\My workspace\processwire-dev\wire\core\ProcessWire.php(209): ProcessWire\ProcessWire->load(Object(ProcessWire\Config)) #6 C:\My workspace\processwire-dev\index.php(52): ProcessWire\ProcessWire->__construct(Object(ProcessWire\Config)) #7 {main}   thrown (line 31 of C:\My workspace\processwire-dev\site\modules\AllInOneMinify\AllInOneMinify.module)
2019-06-07 09:16:48	?	http://localhost/	Fatal Error: 	Uncaught Error: Class 'WireData' not found in C:\My workspace\processwire-dev\site\modules\AllInOneMinify\AllInOneMinify.module:31 Stack trace: #0 C:\My workspace\processwire-dev\wire\core\Modules.php(1545): include_once() #1 C:\My workspace\processwire-dev\wire\core\Modules.php(1026): ProcessWire\Modules->includeModuleFile('C:/My workspace...', 'AllInOneMinify') #2 C:\My workspace\processwire-dev\wire\core\Modules.php(848): ProcessWire\Modules->loadModule('C:/My workspace...', 'C:/My workspace...', Array, Array) #3 C:\My workspace\processwire-dev\wire\core\Modules.php(369): ProcessWire\Modules->load('C:/My workspace...') #4 C:\My workspace\processwire-dev\wire\core\ProcessWire.php(411): ProcessWire\Modules->init() #5 C:\My workspace\processwire-dev\wire\core\ProcessWire.php(209): ProcessWire\ProcessWire->load(Object(ProcessWire\Config)) #6 C:\My workspace\processwire-dev\index.php(52): ProcessWire\ProcessWire->__construct(Object(ProcessWire\Config)) #7 {main}   thrown (line 31 of C:\My workspace\processwire-dev\site\modules\AllInOneMinify\AllInOneMinify.module)
2019-06-07 09:16:49	?	http://localhost/	Fatal Error: 	Uncaught Error: Class 'WireData' not found in C:\My workspace\processwire-dev\site\modules\AllInOneMinify\AllInOneMinify.module:31 Stack trace: #0 C:\My workspace\processwire-dev\wire\core\Modules.php(1545): include_once() #1 C:\My workspace\processwire-dev\wire\core\Modules.php(1026): ProcessWire\Modules->includeModuleFile('C:/My workspace...', 'AllInOneMinify') #2 C:\My workspace\processwire-dev\wire\core\Modules.php(848): ProcessWire\Modules->loadModule('C:/My workspace...', 'C:/My workspace...', Array, Array) #3 C:\My workspace\processwire-dev\wire\core\Modules.php(369): ProcessWire\Modules->load('C:/My workspace...') #4 C:\My workspace\processwire-dev\wire\core\ProcessWire.php(411): ProcessWire\Modules->init() #5 C:\My workspace\processwire-dev\wire\core\ProcessWire.php(209): ProcessWire\ProcessWire->load(Object(ProcessWire\Config)) #6 C:\My workspace\processwire-dev\index.php(52): ProcessWire\ProcessWire->__construct(Object(ProcessWire\Config)) #7 {main}   thrown (line 31 of C:\My workspace\processwire-dev\site\modules\AllInOneMinify\AllInOneMinify.module)
2019-06-07 17:47:30	admin	http://localhost/admin/setup/languages/add/	SQLSTATE[42S21]: Column already exists: 1060 Duplicate column name 'name1067'
2019-06-07 19:23:38	admin	http://localhost/	Error: 	Exception: Unknown language sent to Page::getLanguageValue (in C:\My workspace\processwire-dev\wire\modules\LanguageSupport\LanguageSupport.module line 796)  #0 C:\My workspace\processwire-dev\wire\core\WireHooks.php(834): ProcessWire\LanguageSupport->hookPageGetLanguageValue(Object(ProcessWire\HookEvent)) #1 C:\My workspace\processwire-dev\wire\core\Wire.php(442): ProcessWire\WireHooks->runHooks(Object(ProcessWire\Page), 'getLanguageValu...', Array) #2 C:\My workspace\processwire-dev\site\templates\includes\head.inc(77): ProcessWire\Wire->__call('getLanguageValu...', Array) #3 C:\My workspace\processwire-dev\site\assets\cache\FileCompiler\site\templates\home.php(8): include('C:\\My workspace...') #4 C:\My workspace\processwire-dev\wire\core\TemplateFile.php(287): require('C:\\My workspace...') #5 C:\My workspace\processwire-dev\wire\core\Wire.php(380): ProcessWire\TemplateFile->___render() #6 C:\My workspace\processwire-dev\wire\core\WireHooks.php(733): ProcessWire\Wire->_callMethod('___render', Array) #7 C:
2019-06-07 20:59:19	admin	http://localhost/admin/setup/languages/add/	SQLSTATE[42S21]: Column already exists: 1060 Duplicate column name 'name1068'
2019-06-08 23:58:19	admin	http://localhost/	Fatal Error: 	Uncaught Error: Call to undefined function ehco\ProcessWire\__() in C:\My workspace\processwire-dev\site\assets\cache\FileCompiler\site\templates\includes\foot.inc:15 Stack trace: #0 C:\My workspace\processwire-dev\site\assets\cache\FileCompiler\site\templates\home.php(161): include() #1 C:\My workspace\processwire-dev\wire\core\TemplateFile.php(287): require('C:\\My workspace...') #2 C:\My workspace\processwire-dev\wire\core\Wire.php(380): ProcessWire\TemplateFile->___render() #3 C:\My workspace\processwire-dev\wire\core\WireHooks.php(733): ProcessWire\Wire->_callMethod('___render', Array) #4 C:\My workspace\processwire-dev\wire\core\Wire.php(442): ProcessWire\WireHooks->runHooks(Object(ProcessWire\TemplateFile), 'render', Array) #5 C:\My workspace\processwire-dev\wire\modules\PageRender.module(514): ProcessWire\Wire->__call('render', Array) #6 C:\My workspace\processwire-dev\wire\core\Wire.php(383): ProcessWire\PageRender->___renderPage(Object(ProcessWire\HookEvent)) #7 C:\My workspace\processwire-dev\wire\ (line 15 of C:\My workspace\processwire-dev\site\assets\cache\FileCompiler\site\templates\includes\foot.inc)
2019-06-08 23:58:40	admin	http://localhost/	Fatal Error: 	Uncaught Error: Call to undefined function ehco\ProcessWire\__() in C:\My workspace\processwire-dev\site\assets\cache\FileCompiler\site\templates\includes\foot.inc:15 Stack trace: #0 C:\My workspace\processwire-dev\site\assets\cache\FileCompiler\site\templates\home.php(161): include() #1 C:\My workspace\processwire-dev\wire\core\TemplateFile.php(287): require('C:\\My workspace...') #2 C:\My workspace\processwire-dev\wire\core\Wire.php(380): ProcessWire\TemplateFile->___render() #3 C:\My workspace\processwire-dev\wire\core\WireHooks.php(733): ProcessWire\Wire->_callMethod('___render', Array) #4 C:\My workspace\processwire-dev\wire\core\Wire.php(442): ProcessWire\WireHooks->runHooks(Object(ProcessWire\TemplateFile), 'render', Array) #5 C:\My workspace\processwire-dev\wire\modules\PageRender.module(514): ProcessWire\Wire->__call('render', Array) #6 C:\My workspace\processwire-dev\wire\core\Wire.php(383): ProcessWire\PageRender->___renderPage(Object(ProcessWire\HookEvent)) #7 C:\My workspace\processwire-dev\wire\ (line 15 of C:\My workspace\processwire-dev\site\assets\cache\FileCompiler\site\templates\includes\foot.inc)
2019-06-09 00:08:42	admin	http://localhost/en/	Fatal Error: 	Uncaught Error: Class 'ProcessWire\AIOM' not found in C:\My workspace\processwire-dev\site\templates\includes\head.inc:39 Stack trace: #0 C:\My workspace\processwire-dev\site\assets\cache\FileCompiler\site\templates\home.php(8): include() #1 C:\My workspace\processwire-dev\wire\core\TemplateFile.php(287): require('C:\\My workspace...') #2 C:\My workspace\processwire-dev\wire\core\Wire.php(380): ProcessWire\TemplateFile->___render() #3 C:\My workspace\processwire-dev\wire\core\WireHooks.php(733): ProcessWire\Wire->_callMethod('___render', Array) #4 C:\My workspace\processwire-dev\wire\core\Wire.php(442): ProcessWire\WireHooks->runHooks(Object(ProcessWire\TemplateFile), 'render', Array) #5 C:\My workspace\processwire-dev\wire\modules\PageRender.module(514): ProcessWire\Wire->__call('render', Array) #6 C:\My workspace\processwire-dev\wire\core\Wire.php(383): ProcessWire\PageRender->___renderPage(Object(ProcessWire\HookEvent)) #7 C:\My workspace\processwire-dev\wire\core\WireHooks.php(733): ProcessWire\Wire->_cal (line 39 of C:\My workspace\processwire-dev\site\templates\includes\head.inc)
2019-06-09 00:08:49	admin	http://localhost/en/	Fatal Error: 	Uncaught Error: Class 'ProcessWire\AIOM' not found in C:\My workspace\processwire-dev\site\templates\includes\head.inc:39 Stack trace: #0 C:\My workspace\processwire-dev\site\assets\cache\FileCompiler\site\templates\home.php(8): include() #1 C:\My workspace\processwire-dev\wire\core\TemplateFile.php(287): require('C:\\My workspace...') #2 C:\My workspace\processwire-dev\wire\core\Wire.php(380): ProcessWire\TemplateFile->___render() #3 C:\My workspace\processwire-dev\wire\core\WireHooks.php(733): ProcessWire\Wire->_callMethod('___render', Array) #4 C:\My workspace\processwire-dev\wire\core\Wire.php(442): ProcessWire\WireHooks->runHooks(Object(ProcessWire\TemplateFile), 'render', Array) #5 C:\My workspace\processwire-dev\wire\modules\PageRender.module(514): ProcessWire\Wire->__call('render', Array) #6 C:\My workspace\processwire-dev\wire\core\Wire.php(383): ProcessWire\PageRender->___renderPage(Object(ProcessWire\HookEvent)) #7 C:\My workspace\processwire-dev\wire\core\WireHooks.php(733): ProcessWire\Wire->_cal (line 39 of C:\My workspace\processwire-dev\site\templates\includes\head.inc)
2019-06-09 00:09:03	admin	http://localhost/en/	Fatal Error: 	Uncaught Error: Class 'ProcessWire\AIOM' not found in C:\My workspace\processwire-dev\site\templates\includes\head.inc:39 Stack trace: #0 C:\My workspace\processwire-dev\site\assets\cache\FileCompiler\site\templates\home.php(8): include() #1 C:\My workspace\processwire-dev\wire\core\TemplateFile.php(287): require('C:\\My workspace...') #2 C:\My workspace\processwire-dev\wire\core\Wire.php(380): ProcessWire\TemplateFile->___render() #3 C:\My workspace\processwire-dev\wire\core\WireHooks.php(733): ProcessWire\Wire->_callMethod('___render', Array) #4 C:\My workspace\processwire-dev\wire\core\Wire.php(442): ProcessWire\WireHooks->runHooks(Object(ProcessWire\TemplateFile), 'render', Array) #5 C:\My workspace\processwire-dev\wire\modules\PageRender.module(514): ProcessWire\Wire->__call('render', Array) #6 C:\My workspace\processwire-dev\wire\core\Wire.php(383): ProcessWire\PageRender->___renderPage(Object(ProcessWire\HookEvent)) #7 C:\My workspace\processwire-dev\wire\core\WireHooks.php(733): ProcessWire\Wire->_cal (line 39 of C:\My workspace\processwire-dev\site\templates\includes\head.inc)
2019-06-09 00:12:28	admin	http://localhost/en/	Fatal Error: 	Uncaught Error: Class 'ProcessWire\AIOM' not found in C:\My workspace\processwire-dev\site\templates\includes\head.inc:38 Stack trace: #0 C:\My workspace\processwire-dev\site\assets\cache\FileCompiler\site\templates\home.php(8): include() #1 C:\My workspace\processwire-dev\wire\core\TemplateFile.php(287): require('C:\\My workspace...') #2 C:\My workspace\processwire-dev\wire\core\Wire.php(380): ProcessWire\TemplateFile->___render() #3 C:\My workspace\processwire-dev\wire\core\WireHooks.php(733): ProcessWire\Wire->_callMethod('___render', Array) #4 C:\My workspace\processwire-dev\wire\core\Wire.php(442): ProcessWire\WireHooks->runHooks(Object(ProcessWire\TemplateFile), 'render', Array) #5 C:\My workspace\processwire-dev\wire\modules\PageRender.module(514): ProcessWire\Wire->__call('render', Array) #6 C:\My workspace\processwire-dev\wire\core\Wire.php(383): ProcessWire\PageRender->___renderPage(Object(ProcessWire\HookEvent)) #7 C:\My workspace\processwire-dev\wire\core\WireHooks.php(733): ProcessWire\Wire->_cal (line 38 of C:\My workspace\processwire-dev\site\templates\includes\head.inc)
2019-06-09 00:12:30	admin	http://localhost/en/	Fatal Error: 	Uncaught Error: Class 'ProcessWire\AIOM' not found in C:\My workspace\processwire-dev\site\templates\includes\head.inc:38 Stack trace: #0 C:\My workspace\processwire-dev\site\assets\cache\FileCompiler\site\templates\home.php(8): include() #1 C:\My workspace\processwire-dev\wire\core\TemplateFile.php(287): require('C:\\My workspace...') #2 C:\My workspace\processwire-dev\wire\core\Wire.php(380): ProcessWire\TemplateFile->___render() #3 C:\My workspace\processwire-dev\wire\core\WireHooks.php(733): ProcessWire\Wire->_callMethod('___render', Array) #4 C:\My workspace\processwire-dev\wire\core\Wire.php(442): ProcessWire\WireHooks->runHooks(Object(ProcessWire\TemplateFile), 'render', Array) #5 C:\My workspace\processwire-dev\wire\modules\PageRender.module(514): ProcessWire\Wire->__call('render', Array) #6 C:\My workspace\processwire-dev\wire\core\Wire.php(383): ProcessWire\PageRender->___renderPage(Object(ProcessWire\HookEvent)) #7 C:\My workspace\processwire-dev\wire\core\WireHooks.php(733): ProcessWire\Wire->_cal (line 38 of C:\My workspace\processwire-dev\site\templates\includes\head.inc)
2019-06-09 00:12:31	admin	http://localhost/en/	Fatal Error: 	Uncaught Error: Class 'ProcessWire\AIOM' not found in C:\My workspace\processwire-dev\site\templates\includes\head.inc:38 Stack trace: #0 C:\My workspace\processwire-dev\site\assets\cache\FileCompiler\site\templates\home.php(8): include() #1 C:\My workspace\processwire-dev\wire\core\TemplateFile.php(287): require('C:\\My workspace...') #2 C:\My workspace\processwire-dev\wire\core\Wire.php(380): ProcessWire\TemplateFile->___render() #3 C:\My workspace\processwire-dev\wire\core\WireHooks.php(733): ProcessWire\Wire->_callMethod('___render', Array) #4 C:\My workspace\processwire-dev\wire\core\Wire.php(442): ProcessWire\WireHooks->runHooks(Object(ProcessWire\TemplateFile), 'render', Array) #5 C:\My workspace\processwire-dev\wire\modules\PageRender.module(514): ProcessWire\Wire->__call('render', Array) #6 C:\My workspace\processwire-dev\wire\core\Wire.php(383): ProcessWire\PageRender->___renderPage(Object(ProcessWire\HookEvent)) #7 C:\My workspace\processwire-dev\wire\core\WireHooks.php(733): ProcessWire\Wire->_cal (line 38 of C:\My workspace\processwire-dev\site\templates\includes\head.inc)
2019-06-09 00:13:18	admin	http://localhost/en/	Fatal Error: 	Uncaught Error: Class 'ProcessWire\AIOM' not found in C:\My workspace\processwire-dev\site\templates\includes\head.inc:38 Stack trace: #0 C:\My workspace\processwire-dev\site\assets\cache\FileCompiler\site\templates\home.php(8): include() #1 C:\My workspace\processwire-dev\wire\core\TemplateFile.php(287): require('C:\\My workspace...') #2 C:\My workspace\processwire-dev\wire\core\Wire.php(380): ProcessWire\TemplateFile->___render() #3 C:\My workspace\processwire-dev\wire\core\WireHooks.php(733): ProcessWire\Wire->_callMethod('___render', Array) #4 C:\My workspace\processwire-dev\wire\core\Wire.php(442): ProcessWire\WireHooks->runHooks(Object(ProcessWire\TemplateFile), 'render', Array) #5 C:\My workspace\processwire-dev\wire\modules\PageRender.module(514): ProcessWire\Wire->__call('render', Array) #6 C:\My workspace\processwire-dev\wire\core\Wire.php(383): ProcessWire\PageRender->___renderPage(Object(ProcessWire\HookEvent)) #7 C:\My workspace\processwire-dev\wire\core\WireHooks.php(733): ProcessWire\Wire->_cal (line 38 of C:\My workspace\processwire-dev\site\templates\includes\head.inc)
2019-06-09 00:13:48	admin	http://localhost/en/	Fatal Error: 	Uncaught Error: Class 'ProcessWire\AIOM' not found in C:\My workspace\processwire-dev\site\templates\includes\head.inc:38 Stack trace: #0 C:\My workspace\processwire-dev\site\assets\cache\FileCompiler\site\templates\home.php(8): include() #1 C:\My workspace\processwire-dev\wire\core\TemplateFile.php(287): require('C:\\My workspace...') #2 C:\My workspace\processwire-dev\wire\core\Wire.php(380): ProcessWire\TemplateFile->___render() #3 C:\My workspace\processwire-dev\wire\core\WireHooks.php(733): ProcessWire\Wire->_callMethod('___render', Array) #4 C:\My workspace\processwire-dev\wire\core\Wire.php(442): ProcessWire\WireHooks->runHooks(Object(ProcessWire\TemplateFile), 'render', Array) #5 C:\My workspace\processwire-dev\wire\modules\PageRender.module(514): ProcessWire\Wire->__call('render', Array) #6 C:\My workspace\processwire-dev\wire\core\Wire.php(383): ProcessWire\PageRender->___renderPage(Object(ProcessWire\HookEvent)) #7 C:\My workspace\processwire-dev\wire\core\WireHooks.php(733): ProcessWire\Wire->_cal (line 38 of C:\My workspace\processwire-dev\site\templates\includes\head.inc)
2019-06-09 00:43:42	admin	http://localhost/en/	Parse Error: 	syntax error, unexpected end of file (line 9 of C:\My workspace\processwire-dev\site\templates\includes\featured_partner.inc)
2019-06-09 00:43:53	admin	http://localhost/en/	Parse Error: 	syntax error, unexpected end of file (line 10 of C:\My workspace\processwire-dev\site\templates\includes\featured_partner.inc)
2019-06-09 00:44:07	admin	http://localhost/en/	Parse Error: 	syntax error, unexpected '$data' (T_VARIABLE), expecting ';' (line 8 of C:\My workspace\processwire-dev\site\templates\includes\featured_partner.inc)
2019-06-09 00:44:17	admin	http://localhost/en/	Parse Error: 	syntax error, unexpected 'endforeach' (T_ENDFOREACH) (line 7 of C:\My workspace\processwire-dev\site\templates\includes\featured_partner.inc)
2019-06-09 01:20:46	admin	http://localhost/en/	Parse Error: 	syntax error, unexpected '$data' (T_VARIABLE) (line 102 of C:\My workspace\processwire-dev\site\assets\cache\FileCompiler\site\templates\home.php)
2019-06-09 01:21:02	admin	http://localhost/en/	Parse Error: 	syntax error, unexpected '$data' (T_VARIABLE) (line 108 of C:\My workspace\processwire-dev\site\assets\cache\FileCompiler\site\templates\home.php)
2019-06-09 01:21:45	admin	http://localhost/en/	Parse Error: 	syntax error, unexpected '$data' (T_VARIABLE) (line 108 of C:\My workspace\processwire-dev\site\assets\cache\FileCompiler\site\templates\home.php)
2019-06-09 01:24:03	admin	http://localhost/en/	Parse Error: 	syntax error, unexpected '$data' (T_VARIABLE) (line 102 of C:\My workspace\processwire-dev\site\assets\cache\FileCompiler\site\templates\home.php)
2019-06-12 15:53:39	guest	http://localhost/	Error: 	Exception: Method Page::localUrl does not exist or is not callable in this context (in C:\My workspace\processwire-dev\wire\core\Wire.php line 519)
2019-06-12 15:54:01	guest	http://localhost/	Error: 	Exception: Method Page::localUrl does not exist or is not callable in this context (in C:\My workspace\processwire-dev\wire\core\Wire.php line 519)
2019-06-12 16:12:13	admin	http://localhost/	Error: 	Exception: Method Page::localUrl does not exist or is not callable in this context (in C:\My workspace\processwire-dev\wire\core\Wire.php line 519)  #0 C:\My workspace\processwire-dev\wire\core\Page.php(1849): ProcessWire\Wire->___callUnknown('localUrl', Array) #1 C:\My workspace\processwire-dev\wire\core\Wire.php(386): ProcessWire\Page->___callUnknown('localUrl', Array) #2 C:\My workspace\processwire-dev\wire\core\WireHooks.php(733): ProcessWire\Wire->_callMethod('___callUnknown', Array) #3 C:\My workspace\processwire-dev\wire\core\Wire.php(442): ProcessWire\WireHooks->runHooks(Object(ProcessWire\Page), 'callUnknown', Array) #4 C:\My workspace\processwire-dev\wire\core\Wire.php(445): ProcessWire\Wire->__call('callUnknown', Array) #5 C:\My workspace\processwire-dev\site\templates\includes\head.inc(84): ProcessWire\Wire->__call('localUrl', Array) #6 C:\My workspace\processwire-dev\site\assets\cache\FileCompiler\site\templates\home.php(8): include('C:\\My workspace...') #7 C:\My workspace\processwire-dev\wire\c
2019-06-12 16:13:02	admin	http://localhost/	Error: 	Exception: Method Page::localUrl does not exist or is not callable in this context (in C:\My workspace\processwire-dev\wire\core\Wire.php line 519)  #0 C:\My workspace\processwire-dev\wire\core\Page.php(1849): ProcessWire\Wire->___callUnknown('localUrl', Array) #1 C:\My workspace\processwire-dev\wire\core\Wire.php(386): ProcessWire\Page->___callUnknown('localUrl', Array) #2 C:\My workspace\processwire-dev\wire\core\WireHooks.php(733): ProcessWire\Wire->_callMethod('___callUnknown', Array) #3 C:\My workspace\processwire-dev\wire\core\Wire.php(442): ProcessWire\WireHooks->runHooks(Object(ProcessWire\Page), 'callUnknown', Array) #4 C:\My workspace\processwire-dev\wire\core\Wire.php(445): ProcessWire\Wire->__call('callUnknown', Array) #5 C:\My workspace\processwire-dev\site\templates\includes\head.inc(84): ProcessWire\Wire->__call('localUrl', Array) #6 C:\My workspace\processwire-dev\site\assets\cache\FileCompiler\site\templates\home.php(8): include('C:\\My workspace...') #7 C:\My workspace\processwire-dev\wire\c
2019-06-12 16:13:07	admin	http://localhost/	Error: 	Exception: Method Page::localUrl does not exist or is not callable in this context (in C:\My workspace\processwire-dev\wire\core\Wire.php line 519)  #0 C:\My workspace\processwire-dev\wire\core\Page.php(1849): ProcessWire\Wire->___callUnknown('localUrl', Array) #1 C:\My workspace\processwire-dev\wire\core\Wire.php(386): ProcessWire\Page->___callUnknown('localUrl', Array) #2 C:\My workspace\processwire-dev\wire\core\WireHooks.php(733): ProcessWire\Wire->_callMethod('___callUnknown', Array) #3 C:\My workspace\processwire-dev\wire\core\Wire.php(442): ProcessWire\WireHooks->runHooks(Object(ProcessWire\Page), 'callUnknown', Array) #4 C:\My workspace\processwire-dev\wire\core\Wire.php(445): ProcessWire\Wire->__call('callUnknown', Array) #5 C:\My workspace\processwire-dev\site\templates\includes\head.inc(84): ProcessWire\Wire->__call('localUrl', Array) #6 C:\My workspace\processwire-dev\site\assets\cache\FileCompiler\site\templates\home.php(8): include('C:\\My workspace...') #7 C:\My workspace\processwire-dev\wire\c
2019-06-12 16:13:08	admin	http://localhost/	Error: 	Exception: Method Page::localUrl does not exist or is not callable in this context (in C:\My workspace\processwire-dev\wire\core\Wire.php line 519)  #0 C:\My workspace\processwire-dev\wire\core\Page.php(1849): ProcessWire\Wire->___callUnknown('localUrl', Array) #1 C:\My workspace\processwire-dev\wire\core\Wire.php(386): ProcessWire\Page->___callUnknown('localUrl', Array) #2 C:\My workspace\processwire-dev\wire\core\WireHooks.php(733): ProcessWire\Wire->_callMethod('___callUnknown', Array) #3 C:\My workspace\processwire-dev\wire\core\Wire.php(442): ProcessWire\WireHooks->runHooks(Object(ProcessWire\Page), 'callUnknown', Array) #4 C:\My workspace\processwire-dev\wire\core\Wire.php(445): ProcessWire\Wire->__call('callUnknown', Array) #5 C:\My workspace\processwire-dev\site\templates\includes\head.inc(84): ProcessWire\Wire->__call('localUrl', Array) #6 C:\My workspace\processwire-dev\site\assets\cache\FileCompiler\site\templates\home.php(8): include('C:\\My workspace...') #7 C:\My workspace\processwire-dev\wire\c
2019-06-12 16:13:11	admin	http://localhost/	Error: 	Exception: Method Page::localUrl does not exist or is not callable in this context (in C:\My workspace\processwire-dev\wire\core\Wire.php line 519)  #0 C:\My workspace\processwire-dev\wire\core\Page.php(1849): ProcessWire\Wire->___callUnknown('localUrl', Array) #1 C:\My workspace\processwire-dev\wire\core\Wire.php(386): ProcessWire\Page->___callUnknown('localUrl', Array) #2 C:\My workspace\processwire-dev\wire\core\WireHooks.php(733): ProcessWire\Wire->_callMethod('___callUnknown', Array) #3 C:\My workspace\processwire-dev\wire\core\Wire.php(442): ProcessWire\WireHooks->runHooks(Object(ProcessWire\Page), 'callUnknown', Array) #4 C:\My workspace\processwire-dev\wire\core\Wire.php(445): ProcessWire\Wire->__call('callUnknown', Array) #5 C:\My workspace\processwire-dev\site\templates\includes\head.inc(84): ProcessWire\Wire->__call('localUrl', Array) #6 C:\My workspace\processwire-dev\site\assets\cache\FileCompiler\site\templates\home.php(8): include('C:\\My workspace...') #7 C:\My workspace\processwire-dev\wire\c
2019-06-12 16:13:12	admin	http://localhost/	Error: 	Exception: Method Page::localUrl does not exist or is not callable in this context (in C:\My workspace\processwire-dev\wire\core\Wire.php line 519)  #0 C:\My workspace\processwire-dev\wire\core\Page.php(1849): ProcessWire\Wire->___callUnknown('localUrl', Array) #1 C:\My workspace\processwire-dev\wire\core\Wire.php(386): ProcessWire\Page->___callUnknown('localUrl', Array) #2 C:\My workspace\processwire-dev\wire\core\WireHooks.php(733): ProcessWire\Wire->_callMethod('___callUnknown', Array) #3 C:\My workspace\processwire-dev\wire\core\Wire.php(442): ProcessWire\WireHooks->runHooks(Object(ProcessWire\Page), 'callUnknown', Array) #4 C:\My workspace\processwire-dev\wire\core\Wire.php(445): ProcessWire\Wire->__call('callUnknown', Array) #5 C:\My workspace\processwire-dev\site\templates\includes\head.inc(84): ProcessWire\Wire->__call('localUrl', Array) #6 C:\My workspace\processwire-dev\site\assets\cache\FileCompiler\site\templates\home.php(8): include('C:\\My workspace...') #7 C:\My workspace\processwire-dev\wire\c
2019-06-12 16:13:12	admin	http://localhost/	Error: 	Exception: Method Page::localUrl does not exist or is not callable in this context (in C:\My workspace\processwire-dev\wire\core\Wire.php line 519)  #0 C:\My workspace\processwire-dev\wire\core\Page.php(1849): ProcessWire\Wire->___callUnknown('localUrl', Array) #1 C:\My workspace\processwire-dev\wire\core\Wire.php(386): ProcessWire\Page->___callUnknown('localUrl', Array) #2 C:\My workspace\processwire-dev\wire\core\WireHooks.php(733): ProcessWire\Wire->_callMethod('___callUnknown', Array) #3 C:\My workspace\processwire-dev\wire\core\Wire.php(442): ProcessWire\WireHooks->runHooks(Object(ProcessWire\Page), 'callUnknown', Array) #4 C:\My workspace\processwire-dev\wire\core\Wire.php(445): ProcessWire\Wire->__call('callUnknown', Array) #5 C:\My workspace\processwire-dev\site\templates\includes\head.inc(84): ProcessWire\Wire->__call('localUrl', Array) #6 C:\My workspace\processwire-dev\site\assets\cache\FileCompiler\site\templates\home.php(8): include('C:\\My workspace...') #7 C:\My workspace\processwire-dev\wire\c
2019-06-12 16:15:39	admin	http://localhost/	Error: 	Exception: Method Page::localUrl does not exist or is not callable in this context (in C:\My workspace\processwire-dev\wire\core\Wire.php line 519)  #0 C:\My workspace\processwire-dev\wire\core\Page.php(1849): ProcessWire\Wire->___callUnknown('localUrl', Array) #1 C:\My workspace\processwire-dev\wire\core\Wire.php(386): ProcessWire\Page->___callUnknown('localUrl', Array) #2 C:\My workspace\processwire-dev\wire\core\WireHooks.php(733): ProcessWire\Wire->_callMethod('___callUnknown', Array) #3 C:\My workspace\processwire-dev\wire\core\Wire.php(442): ProcessWire\WireHooks->runHooks(Object(ProcessWire\Page), 'callUnknown', Array) #4 C:\My workspace\processwire-dev\wire\core\Wire.php(445): ProcessWire\Wire->__call('callUnknown', Array) #5 C:\My workspace\processwire-dev\site\templates\includes\head.inc(84): ProcessWire\Wire->__call('localUrl', Array) #6 C:\My workspace\processwire-dev\site\assets\cache\FileCompiler\site\templates\home.php(8): include('C:\\My workspace...') #7 C:\My workspace\processwire-dev\wire\c
2019-06-12 16:15:41	admin	http://localhost/	Error: 	Exception: Method Page::localUrl does not exist or is not callable in this context (in C:\My workspace\processwire-dev\wire\core\Wire.php line 519)  #0 C:\My workspace\processwire-dev\wire\core\Page.php(1849): ProcessWire\Wire->___callUnknown('localUrl', Array) #1 C:\My workspace\processwire-dev\wire\core\Wire.php(386): ProcessWire\Page->___callUnknown('localUrl', Array) #2 C:\My workspace\processwire-dev\wire\core\WireHooks.php(733): ProcessWire\Wire->_callMethod('___callUnknown', Array) #3 C:\My workspace\processwire-dev\wire\core\Wire.php(442): ProcessWire\WireHooks->runHooks(Object(ProcessWire\Page), 'callUnknown', Array) #4 C:\My workspace\processwire-dev\wire\core\Wire.php(445): ProcessWire\Wire->__call('callUnknown', Array) #5 C:\My workspace\processwire-dev\site\templates\includes\head.inc(84): ProcessWire\Wire->__call('localUrl', Array) #6 C:\My workspace\processwire-dev\site\assets\cache\FileCompiler\site\templates\home.php(8): include('C:\\My workspace...') #7 C:\My workspace\processwire-dev\wire\c
2019-06-12 16:15:42	admin	http://localhost/	Error: 	Exception: Method Page::localUrl does not exist or is not callable in this context (in C:\My workspace\processwire-dev\wire\core\Wire.php line 519)  #0 C:\My workspace\processwire-dev\wire\core\Page.php(1849): ProcessWire\Wire->___callUnknown('localUrl', Array) #1 C:\My workspace\processwire-dev\wire\core\Wire.php(386): ProcessWire\Page->___callUnknown('localUrl', Array) #2 C:\My workspace\processwire-dev\wire\core\WireHooks.php(733): ProcessWire\Wire->_callMethod('___callUnknown', Array) #3 C:\My workspace\processwire-dev\wire\core\Wire.php(442): ProcessWire\WireHooks->runHooks(Object(ProcessWire\Page), 'callUnknown', Array) #4 C:\My workspace\processwire-dev\wire\core\Wire.php(445): ProcessWire\Wire->__call('callUnknown', Array) #5 C:\My workspace\processwire-dev\site\templates\includes\head.inc(84): ProcessWire\Wire->__call('localUrl', Array) #6 C:\My workspace\processwire-dev\site\assets\cache\FileCompiler\site\templates\home.php(8): include('C:\\My workspace...') #7 C:\My workspace\processwire-dev\wire\c
2019-06-12 16:16:03	admin	http://localhost/	Error: 	Exception: Method Page::localUrl does not exist or is not callable in this context (in C:\My workspace\processwire-dev\wire\core\Wire.php line 519)  #0 C:\My workspace\processwire-dev\wire\core\Page.php(1849): ProcessWire\Wire->___callUnknown('localUrl', Array) #1 C:\My workspace\processwire-dev\wire\core\Wire.php(386): ProcessWire\Page->___callUnknown('localUrl', Array) #2 C:\My workspace\processwire-dev\wire\core\WireHooks.php(733): ProcessWire\Wire->_callMethod('___callUnknown', Array) #3 C:\My workspace\processwire-dev\wire\core\Wire.php(442): ProcessWire\WireHooks->runHooks(Object(ProcessWire\Page), 'callUnknown', Array) #4 C:\My workspace\processwire-dev\wire\core\Wire.php(445): ProcessWire\Wire->__call('callUnknown', Array) #5 C:\My workspace\processwire-dev\site\templates\includes\head.inc(84): ProcessWire\Wire->__call('localUrl', Array) #6 C:\My workspace\processwire-dev\site\assets\cache\FileCompiler\site\templates\home.php(8): include('C:\\My workspace...') #7 C:\My workspace\processwire-dev\wire\c
2019-06-12 18:14:08	admin	http://localhost/	Parse Error: 	syntax error, unexpected '?>' (line 37 of C:\My workspace\processwire-dev\site\assets\cache\FileCompiler\site\templates\home.php)
2019-06-12 18:14:19	admin	http://localhost/	Parse Error: 	syntax error, unexpected '?>' (line 37 of C:\My workspace\processwire-dev\site\assets\cache\FileCompiler\site\templates\home.php)
2019-06-12 18:14:38	admin	http://localhost/	Parse Error: 	syntax error, unexpected '?>' (line 37 of C:\My workspace\processwire-dev\site\assets\cache\FileCompiler\site\templates\home.php)
2019-06-12 18:15:31	admin	http://localhost/	Parse Error: 	syntax error, unexpected '?>' (line 37 of C:\My workspace\processwire-dev\site\assets\cache\FileCompiler\site\templates\home.php)
2019-06-12 18:15:32	admin	http://localhost/	Parse Error: 	syntax error, unexpected '?>' (line 37 of C:\My workspace\processwire-dev\site\assets\cache\FileCompiler\site\templates\home.php)
2019-06-12 18:15:32	admin	http://localhost/	Parse Error: 	syntax error, unexpected '?>' (line 37 of C:\My workspace\processwire-dev\site\assets\cache\FileCompiler\site\templates\home.php)
2019-06-12 18:15:36	admin	http://localhost/	Parse Error: 	syntax error, unexpected '?>' (line 37 of C:\My workspace\processwire-dev\site\assets\cache\FileCompiler\site\templates\home.php)
2019-06-12 18:38:02	admin	http://localhost/	Parse Error: 	syntax error, unexpected '<', expecting end of file (line 34 of C:\My workspace\processwire-dev\site\assets\cache\FileCompiler\site\templates\home.php)
2019-06-17 11:27:35	admin	http://localhost/job/	Parse Error: 	syntax error, unexpected '$' (line 23 of C:\My workspace\processwire-dev\site\assets\cache\FileCompiler\site\templates\job_overview.php)
2019-06-19 12:41:33	admin	http://localhost/admin/setup/field/save	SQLSTATE[42S02]: Base table or view not found: 1146 Table 'paltron.field_careerteam_rating' doesn't exist
2019-06-19 12:45:45	admin	http://localhost/admin/setup/field/save	SQLSTATE[42S02]: Base table or view not found: 1146 Table 'paltron.field_rating' doesn't exist
2019-06-19 12:57:57	admin	http://localhost/admin/setup/field/save	SQLSTATE[42S02]: Base table or view not found: 1146 Table 'paltron.field_rating' doesn't exist
2019-06-19 13:05:32	admin	http://localhost/admin/setup/field/save	SQLSTATE[42S02]: Base table or view not found: 1146 Table 'paltron.field_rating' doesn't exist
2019-06-19 13:18:07	admin	http://localhost/job/detail/	Fatal Error: 	Uncaught Error: Call to a member function renderAll() on int in C:\My workspace\processwire-dev\site\assets\cache\FileCompiler\site\templates\job.php:105 Stack trace: #0 C:\My workspace\processwire-dev\wire\core\TemplateFile.php(287): require() #1 C:\My workspace\processwire-dev\wire\core\Wire.php(380): ProcessWire\TemplateFile->___render() #2 C:\My workspace\processwire-dev\wire\core\WireHooks.php(733): ProcessWire\Wire->_callMethod('___render', Array) #3 C:\My workspace\processwire-dev\wire\core\Wire.php(442): ProcessWire\WireHooks->runHooks(Object(ProcessWire\TemplateFile), 'render', Array) #4 C:\My workspace\processwire-dev\wire\modules\PageRender.module(514): ProcessWire\Wire->__call('render', Array) #5 C:\My workspace\processwire-dev\wire\core\Wire.php(383): ProcessWire\PageRender->___renderPage(Object(ProcessWire\HookEvent)) #6 C:\My workspace\processwire-dev\wire\core\WireHooks.php(733): ProcessWire\Wire->_callMethod('___renderPage', Array) #7 C:\My workspace\processwire-dev\wire\core\Wire.php(442): P (line 105 of C:\My workspace\processwire-dev\site\assets\cache\FileCompiler\site\templates\job.php)
2019-06-19 13:18:34	admin	http://localhost/job/detail/	Fatal Error: 	Uncaught Error: Call to a member function render() on int in C:\My workspace\processwire-dev\site\assets\cache\FileCompiler\site\templates\job.php:105 Stack trace: #0 C:\My workspace\processwire-dev\wire\core\TemplateFile.php(287): require() #1 C:\My workspace\processwire-dev\wire\core\Wire.php(380): ProcessWire\TemplateFile->___render() #2 C:\My workspace\processwire-dev\wire\core\WireHooks.php(733): ProcessWire\Wire->_callMethod('___render', Array) #3 C:\My workspace\processwire-dev\wire\core\Wire.php(442): ProcessWire\WireHooks->runHooks(Object(ProcessWire\TemplateFile), 'render', Array) #4 C:\My workspace\processwire-dev\wire\modules\PageRender.module(514): ProcessWire\Wire->__call('render', Array) #5 C:\My workspace\processwire-dev\wire\core\Wire.php(383): ProcessWire\PageRender->___renderPage(Object(ProcessWire\HookEvent)) #6 C:\My workspace\processwire-dev\wire\core\WireHooks.php(733): ProcessWire\Wire->_callMethod('___renderPage', Array) #7 C:\My workspace\processwire-dev\wire\core\Wire.php(442): Proc (line 105 of C:\My workspace\processwire-dev\site\assets\cache\FileCompiler\site\templates\job.php)
2019-06-21 10:59:51	guest	http://localhost/	Parse Error: 	syntax error, unexpected '$data' (T_VARIABLE) (line 17 of C:\My workspace\processwire-dev\site\assets\cache\FileCompiler\site\templates\home.php)
2019-06-21 11:00:01	guest	http://localhost/	Parse Error: 	syntax error, unexpected '$data' (T_VARIABLE) (line 17 of C:\My workspace\processwire-dev\site\assets\cache\FileCompiler\site\templates\home.php)
2019-06-21 11:00:21	guest	http://localhost/	Parse Error: 	syntax error, unexpected '$data' (T_VARIABLE) (line 17 of C:\My workspace\processwire-dev\site\assets\cache\FileCompiler\site\templates\home.php)
2019-06-21 11:00:23	guest	http://localhost/	Parse Error: 	syntax error, unexpected '$data' (T_VARIABLE) (line 17 of C:\My workspace\processwire-dev\site\assets\cache\FileCompiler\site\templates\home.php)
2019-06-21 11:00:28	guest	http://localhost/	Parse Error: 	syntax error, unexpected '$data' (T_VARIABLE) (line 17 of C:\My workspace\processwire-dev\site\assets\cache\FileCompiler\site\templates\home.php)
2019-06-21 11:01:17	guest	http://localhost/	Parse Error: 	syntax error, unexpected '$data' (T_VARIABLE) (line 17 of C:\My workspace\processwire-dev\site\assets\cache\FileCompiler\site\templates\home.php)
2019-06-22 00:14:40	admin	http://localhost/news-feed/	Parse Error: 	syntax error, unexpected end of file (line 60 of C:\My workspace\processwire-dev\site\assets\cache\FileCompiler\site\templates\news-feed.php)
2019-06-22 00:19:40	admin	http://localhost/news-feed/	Parse Error: 	syntax error, unexpected end of file (line 60 of C:\My workspace\processwire-dev\site\assets\cache\FileCompiler\site\templates\news-feed.php)
2019-06-24 19:14:40	admin	http://localhost/admin/setup/languages/add/	SQLSTATE[42S21]: Column already exists: 1060 Duplicate column name 'name1225'
2019-06-24 23:10:48	admin	http://localhost/expertise/	Parse Error: 	syntax error, unexpected '$out' (T_VARIABLE) (line 301 of C:\My workspace\processwire-dev\site\assets\cache\FileCompiler\site\templates\expertise.php)
2019-06-24 23:10:54	admin	http://localhost/expertise/it-architektur/	Parse Error: 	syntax error, unexpected '$out' (T_VARIABLE) (line 301 of C:\My workspace\processwire-dev\site\assets\cache\FileCompiler\site\templates\expertise.php)
2019-06-24 23:11:20	admin	http://localhost/expertise/it-architektur/	Parse Error: 	syntax error, unexpected '$out' (T_VARIABLE) (line 302 of C:\My workspace\processwire-dev\site\assets\cache\FileCompiler\site\templates\expertise.php)
2019-06-24 23:11:44	admin	http://localhost/expertise/it-architektur/	Parse Error: 	syntax error, unexpected '$out' (T_VARIABLE) (line 302 of C:\My workspace\processwire-dev\site\assets\cache\FileCompiler\site\templates\expertise.php)
2019-06-24 23:11:46	admin	http://localhost/expertise/it-architektur/	Parse Error: 	syntax error, unexpected '$out' (T_VARIABLE) (line 302 of C:\My workspace\processwire-dev\site\assets\cache\FileCompiler\site\templates\expertise.php)
2019-06-24 23:11:53	admin	http://localhost/expertise/it-architektur/	Parse Error: 	syntax error, unexpected '$out' (T_VARIABLE) (line 302 of C:\My workspace\processwire-dev\site\assets\cache\FileCompiler\site\templates\expertise.php)
2019-06-24 23:11:54	admin	http://localhost/expertise/it-architektur/	Parse Error: 	syntax error, unexpected '$out' (T_VARIABLE) (line 302 of C:\My workspace\processwire-dev\site\assets\cache\FileCompiler\site\templates\expertise.php)
2019-06-24 23:11:54	admin	http://localhost/expertise/it-architektur/	Parse Error: 	syntax error, unexpected '$out' (T_VARIABLE) (line 302 of C:\My workspace\processwire-dev\site\assets\cache\FileCompiler\site\templates\expertise.php)
2019-06-24 23:11:55	admin	http://localhost/expertise/it-architektur/	Parse Error: 	syntax error, unexpected '$out' (T_VARIABLE) (line 302 of C:\My workspace\processwire-dev\site\assets\cache\FileCompiler\site\templates\expertise.php)
2019-06-24 23:11:55	admin	http://localhost/expertise/it-architektur/	Parse Error: 	syntax error, unexpected '$out' (T_VARIABLE) (line 302 of C:\My workspace\processwire-dev\site\assets\cache\FileCompiler\site\templates\expertise.php)
2019-06-24 23:12:07	admin	http://localhost/expertise/it-architektur/	Parse Error: 	syntax error, unexpected '$out' (T_VARIABLE) (line 306 of C:\My workspace\processwire-dev\site\assets\cache\FileCompiler\site\templates\expertise.php)
2019-06-25 12:33:25	guest	http://localhost/news-feed/	Fatal Error: 	Uncaught Error: Call to undefined function alert() in C:\My workspace\processwire-dev\site\assets\cache\FileCompiler\site\templates\news-feed.php:120 Stack trace: #0 C:\My workspace\processwire-dev\wire\core\TemplateFile.php(287): require() #1 C:\My workspace\processwire-dev\wire\core\Wire.php(380): ProcessWire\TemplateFile->___render() #2 C:\My workspace\processwire-dev\wire\core\WireHooks.php(733): ProcessWire\Wire->_callMethod('___render', Array) #3 C:\My workspace\processwire-dev\wire\core\Wire.php(442): ProcessWire\WireHooks->runHooks(Object(ProcessWire\TemplateFile), 'render', Array) #4 C:\My workspace\processwire-dev\wire\modules\PageRender.module(514): ProcessWire\Wire->__call('render', Array) #5 C:\My workspace\processwire-dev\wire\core\Wire.php(383): ProcessWire\PageRender->___renderPage(Object(ProcessWire\HookEvent)) #6 C:\My workspace\processwire-dev\wire\core\WireHooks.php(733): ProcessWire\Wire->_callMethod('___renderPage', Array) #7 C:\My workspace\processwire-dev\wire\core\Wire.php(442): Proce (line 120 of C:\My workspace\processwire-dev\site\assets\cache\FileCompiler\site\templates\news-feed.php)
2019-06-26 13:14:09	?	http://ec2-3-122-246-111.eu-central-1.compute.amazonaws.com/	Error: 	Exception: SQLSTATE[HY000] [2002] No such file or directory (in /html/paltron-staging/wire/core/ProcessWire.php line 398)
2019-06-27 16:06:37	admin	http://staging.paltron.com/news-feed/	Error: 	Exception: Operator '%=' is not implemented in FieldtypePage (in /html/paltron-staging/wire/modules/Fieldtype/FieldtypePage.module line 775)  #0 /html/paltron-staging/wire/core/PageFinder.php(1305): ProcessWire\FieldtypePage->getMatchQuery(Object(ProcessWire\DatabaseQuerySelect), 'field_author', 'data', '%=', '') #1 /html/paltron-staging/wire/core/Wire.php(386): ProcessWire\PageFinder->___getQuery(Object(ProcessWire\Selectors), Array) #2 /html/paltron-staging/wire/core/WireHooks.php(733): ProcessWire\Wire->_callMethod('___getQuery', Array) #3 /html/paltron-staging/wire/core/Wire.php(442): ProcessWire\WireHooks->runHooks(Object(ProcessWire\PageFinder), 'getQuery', Array) #4 /html/paltron-staging/wire/core/PageFinder.php(407): ProcessWire\Wire->__call('getQuery', Array) #5 /html/paltron-staging/wire/core/Wire.php(386): ProcessWire\PageFinder->___find(Object(ProcessWire\Selectors), Array) #6 /html/paltron-staging/wire/core/WireHooks.php(733): ProcessWire\Wire->_callMethod('___find', Array) #7 /html/paltron-stagi
2019-06-27 16:10:34	admin	http://staging.paltron.com/expertise/machine-learning/computer-vision-experte/	Error: 	Exception: Operator '%=' is not implemented in FieldtypePage (in /html/paltron-staging/wire/modules/Fieldtype/FieldtypePage.module line 775)  #0 /html/paltron-staging/wire/core/PageFinder.php(1305): ProcessWire\FieldtypePage->getMatchQuery(Object(ProcessWire\DatabaseQuerySelect), 'field_author', 'data', '%=', '') #1 /html/paltron-staging/wire/core/Wire.php(386): ProcessWire\PageFinder->___getQuery(Object(ProcessWire\Selectors), Array) #2 /html/paltron-staging/wire/core/WireHooks.php(733): ProcessWire\Wire->_callMethod('___getQuery', Array) #3 /html/paltron-staging/wire/core/Wire.php(442): ProcessWire\WireHooks->runHooks(Object(ProcessWire\PageFinder), 'getQuery', Array) #4 /html/paltron-staging/wire/core/PageFinder.php(407): ProcessWire\Wire->__call('getQuery', Array) #5 /html/paltron-staging/wire/core/Wire.php(386): ProcessWire\PageFinder->___find(Object(ProcessWire\Selectors), Array) #6 /html/paltron-staging/wire/core/WireHooks.php(733): ProcessWire\Wire->_callMethod('___find', Array) #7 /html/paltron-stagi
2019-06-27 16:10:49	admin	http://staging.paltron.com/expertise/machine-learning/computer-vision-experte/	Error: 	Exception: Operator '%=' is not implemented in FieldtypePage (in /html/paltron-staging/wire/modules/Fieldtype/FieldtypePage.module line 775)  #0 /html/paltron-staging/wire/core/PageFinder.php(1305): ProcessWire\FieldtypePage->getMatchQuery(Object(ProcessWire\DatabaseQuerySelect), 'field_author', 'data', '%=', '') #1 /html/paltron-staging/wire/core/Wire.php(386): ProcessWire\PageFinder->___getQuery(Object(ProcessWire\Selectors), Array) #2 /html/paltron-staging/wire/core/WireHooks.php(733): ProcessWire\Wire->_callMethod('___getQuery', Array) #3 /html/paltron-staging/wire/core/Wire.php(442): ProcessWire\WireHooks->runHooks(Object(ProcessWire\PageFinder), 'getQuery', Array) #4 /html/paltron-staging/wire/core/PageFinder.php(407): ProcessWire\Wire->__call('getQuery', Array) #5 /html/paltron-staging/wire/core/Wire.php(386): ProcessWire\PageFinder->___find(Object(ProcessWire\Selectors), Array) #6 /html/paltron-staging/wire/core/WireHooks.php(733): ProcessWire\Wire->_callMethod('___find', Array) #7 /html/paltron-stagi
2019-06-27 16:17:49	admin	http://staging.paltron.com/expertise/machine-learning/deep-learning-experte/	Error: 	Exception: Operator '%=' is not implemented in FieldtypePage (in /html/paltron-staging/wire/modules/Fieldtype/FieldtypePage.module line 775)  #0 /html/paltron-staging/wire/core/PageFinder.php(1305): ProcessWire\FieldtypePage->getMatchQuery(Object(ProcessWire\DatabaseQuerySelect), 'field_author', 'data', '%=', '') #1 /html/paltron-staging/wire/core/Wire.php(386): ProcessWire\PageFinder->___getQuery(Object(ProcessWire\Selectors), Array) #2 /html/paltron-staging/wire/core/WireHooks.php(733): ProcessWire\Wire->_callMethod('___getQuery', Array) #3 /html/paltron-staging/wire/core/Wire.php(442): ProcessWire\WireHooks->runHooks(Object(ProcessWire\PageFinder), 'getQuery', Array) #4 /html/paltron-staging/wire/core/PageFinder.php(407): ProcessWire\Wire->__call('getQuery', Array) #5 /html/paltron-staging/wire/core/Wire.php(386): ProcessWire\PageFinder->___find(Object(ProcessWire\Selectors), Array) #6 /html/paltron-staging/wire/core/WireHooks.php(733): ProcessWire\Wire->_callMethod('___find', Array) #7 /html/paltron-stagi
2019-06-27 16:28:59	admin	http://staging.paltron.com/expertise/cyber-security/	Error: 	Exception: Operator '%=' is not implemented in FieldtypePage (in /html/paltron-staging/wire/modules/Fieldtype/FieldtypePage.module line 775)  #0 /html/paltron-staging/wire/core/PageFinder.php(1305): ProcessWire\FieldtypePage->getMatchQuery(Object(ProcessWire\DatabaseQuerySelect), 'field_author', 'data', '%=', '') #1 /html/paltron-staging/wire/core/Wire.php(386): ProcessWire\PageFinder->___getQuery(Object(ProcessWire\Selectors), Array) #2 /html/paltron-staging/wire/core/WireHooks.php(733): ProcessWire\Wire->_callMethod('___getQuery', Array) #3 /html/paltron-staging/wire/core/Wire.php(442): ProcessWire\WireHooks->runHooks(Object(ProcessWire\PageFinder), 'getQuery', Array) #4 /html/paltron-staging/wire/core/PageFinder.php(407): ProcessWire\Wire->__call('getQuery', Array) #5 /html/paltron-staging/wire/core/Wire.php(386): ProcessWire\PageFinder->___find(Object(ProcessWire\Selectors), Array) #6 /html/paltron-staging/wire/core/WireHooks.php(733): ProcessWire\Wire->_callMethod('___find', Array) #7 /html/paltron-stagi
2019-06-27 16:37:47	admin	http://staging.paltron.com/expertise/cyber-security/it-security-engineer/	Error: 	Exception: Operator '%=' is not implemented in FieldtypePage (in /html/paltron-staging/wire/modules/Fieldtype/FieldtypePage.module line 775)  #0 /html/paltron-staging/wire/core/PageFinder.php(1305): ProcessWire\FieldtypePage->getMatchQuery(Object(ProcessWire\DatabaseQuerySelect), 'field_author', 'data', '%=', '') #1 /html/paltron-staging/wire/core/Wire.php(386): ProcessWire\PageFinder->___getQuery(Object(ProcessWire\Selectors), Array) #2 /html/paltron-staging/wire/core/WireHooks.php(733): ProcessWire\Wire->_callMethod('___getQuery', Array) #3 /html/paltron-staging/wire/core/Wire.php(442): ProcessWire\WireHooks->runHooks(Object(ProcessWire\PageFinder), 'getQuery', Array) #4 /html/paltron-staging/wire/core/PageFinder.php(407): ProcessWire\Wire->__call('getQuery', Array) #5 /html/paltron-staging/wire/core/Wire.php(386): ProcessWire\PageFinder->___find(Object(ProcessWire\Selectors), Array) #6 /html/paltron-staging/wire/core/WireHooks.php(733): ProcessWire\Wire->_callMethod('___find', Array) #7 /html/paltron-stagi
2019-06-27 16:44:36	admin	http://staging.paltron.com/expertise/cyber-security/devsecops-experte/	Error: 	Exception: Operator '%=' is not implemented in FieldtypePage (in /html/paltron-staging/wire/modules/Fieldtype/FieldtypePage.module line 775)  #0 /html/paltron-staging/wire/core/PageFinder.php(1305): ProcessWire\FieldtypePage->getMatchQuery(Object(ProcessWire\DatabaseQuerySelect), 'field_author', 'data', '%=', '') #1 /html/paltron-staging/wire/core/Wire.php(386): ProcessWire\PageFinder->___getQuery(Object(ProcessWire\Selectors), Array) #2 /html/paltron-staging/wire/core/WireHooks.php(733): ProcessWire\Wire->_callMethod('___getQuery', Array) #3 /html/paltron-staging/wire/core/Wire.php(442): ProcessWire\WireHooks->runHooks(Object(ProcessWire\PageFinder), 'getQuery', Array) #4 /html/paltron-staging/wire/core/PageFinder.php(407): ProcessWire\Wire->__call('getQuery', Array) #5 /html/paltron-staging/wire/core/Wire.php(386): ProcessWire\PageFinder->___find(Object(ProcessWire\Selectors), Array) #6 /html/paltron-staging/wire/core/WireHooks.php(733): ProcessWire\Wire->_callMethod('___find', Array) #7 /html/paltron-stagi
2019-06-27 16:44:36	admin	http://staging.paltron.com/expertise/cyber-security/devsecops-experte/	Error: 	Exception: Operator '%=' is not implemented in FieldtypePage (in /html/paltron-staging/wire/modules/Fieldtype/FieldtypePage.module line 775)  #0 /html/paltron-staging/wire/core/PageFinder.php(1305): ProcessWire\FieldtypePage->getMatchQuery(Object(ProcessWire\DatabaseQuerySelect), 'field_author', 'data', '%=', '') #1 /html/paltron-staging/wire/core/Wire.php(386): ProcessWire\PageFinder->___getQuery(Object(ProcessWire\Selectors), Array) #2 /html/paltron-staging/wire/core/WireHooks.php(733): ProcessWire\Wire->_callMethod('___getQuery', Array) #3 /html/paltron-staging/wire/core/Wire.php(442): ProcessWire\WireHooks->runHooks(Object(ProcessWire\PageFinder), 'getQuery', Array) #4 /html/paltron-staging/wire/core/PageFinder.php(407): ProcessWire\Wire->__call('getQuery', Array) #5 /html/paltron-staging/wire/core/Wire.php(386): ProcessWire\PageFinder->___find(Object(ProcessWire\Selectors), Array) #6 /html/paltron-staging/wire/core/WireHooks.php(733): ProcessWire\Wire->_callMethod('___find', Array) #7 /html/paltron-stagi
2019-06-27 16:50:43	admin	http://staging.paltron.com/expertise/cyber-security/security-auditor/	Error: 	Exception: Operator '%=' is not implemented in FieldtypePage (in /html/paltron-staging/wire/modules/Fieldtype/FieldtypePage.module line 775)  #0 /html/paltron-staging/wire/core/PageFinder.php(1305): ProcessWire\FieldtypePage->getMatchQuery(Object(ProcessWire\DatabaseQuerySelect), 'field_author', 'data', '%=', '') #1 /html/paltron-staging/wire/core/Wire.php(386): ProcessWire\PageFinder->___getQuery(Object(ProcessWire\Selectors), Array) #2 /html/paltron-staging/wire/core/WireHooks.php(733): ProcessWire\Wire->_callMethod('___getQuery', Array) #3 /html/paltron-staging/wire/core/Wire.php(442): ProcessWire\WireHooks->runHooks(Object(ProcessWire\PageFinder), 'getQuery', Array) #4 /html/paltron-staging/wire/core/PageFinder.php(407): ProcessWire\Wire->__call('getQuery', Array) #5 /html/paltron-staging/wire/core/Wire.php(386): ProcessWire\PageFinder->___find(Object(ProcessWire\Selectors), Array) #6 /html/paltron-staging/wire/core/WireHooks.php(733): ProcessWire\Wire->_callMethod('___find', Array) #7 /html/paltron-stagi
2019-06-27 16:51:06	admin	http://staging.paltron.com/expertise/cyber-security/security-auditor/	Error: 	Exception: Operator '%=' is not implemented in FieldtypePage (in /html/paltron-staging/wire/modules/Fieldtype/FieldtypePage.module line 775)  #0 /html/paltron-staging/wire/core/PageFinder.php(1305): ProcessWire\FieldtypePage->getMatchQuery(Object(ProcessWire\DatabaseQuerySelect), 'field_author', 'data', '%=', '') #1 /html/paltron-staging/wire/core/Wire.php(386): ProcessWire\PageFinder->___getQuery(Object(ProcessWire\Selectors), Array) #2 /html/paltron-staging/wire/core/WireHooks.php(733): ProcessWire\Wire->_callMethod('___getQuery', Array) #3 /html/paltron-staging/wire/core/Wire.php(442): ProcessWire\WireHooks->runHooks(Object(ProcessWire\PageFinder), 'getQuery', Array) #4 /html/paltron-staging/wire/core/PageFinder.php(407): ProcessWire\Wire->__call('getQuery', Array) #5 /html/paltron-staging/wire/core/Wire.php(386): ProcessWire\PageFinder->___find(Object(ProcessWire\Selectors), Array) #6 /html/paltron-staging/wire/core/WireHooks.php(733): ProcessWire\Wire->_callMethod('___find', Array) #7 /html/paltron-stagi
2019-06-27 16:52:08	admin	http://staging.paltron.com/expertise/cyber-security/security-auditor/	Error: 	Exception: Operator '%=' is not implemented in FieldtypePage (in /html/paltron-staging/wire/modules/Fieldtype/FieldtypePage.module line 775)  #0 /html/paltron-staging/wire/core/PageFinder.php(1305): ProcessWire\FieldtypePage->getMatchQuery(Object(ProcessWire\DatabaseQuerySelect), 'field_author', 'data', '%=', '') #1 /html/paltron-staging/wire/core/Wire.php(386): ProcessWire\PageFinder->___getQuery(Object(ProcessWire\Selectors), Array) #2 /html/paltron-staging/wire/core/WireHooks.php(733): ProcessWire\Wire->_callMethod('___getQuery', Array) #3 /html/paltron-staging/wire/core/Wire.php(442): ProcessWire\WireHooks->runHooks(Object(ProcessWire\PageFinder), 'getQuery', Array) #4 /html/paltron-staging/wire/core/PageFinder.php(407): ProcessWire\Wire->__call('getQuery', Array) #5 /html/paltron-staging/wire/core/Wire.php(386): ProcessWire\PageFinder->___find(Object(ProcessWire\Selectors), Array) #6 /html/paltron-staging/wire/core/WireHooks.php(733): ProcessWire\Wire->_callMethod('___find', Array) #7 /html/paltron-stagi
2019-06-27 16:56:51	admin	http://staging.paltron.com/expertise/cyber-security/chief-information-security-officer/	Error: 	Exception: Operator '%=' is not implemented in FieldtypePage (in /html/paltron-staging/wire/modules/Fieldtype/FieldtypePage.module line 775)  #0 /html/paltron-staging/wire/core/PageFinder.php(1305): ProcessWire\FieldtypePage->getMatchQuery(Object(ProcessWire\DatabaseQuerySelect), 'field_author', 'data', '%=', '') #1 /html/paltron-staging/wire/core/Wire.php(386): ProcessWire\PageFinder->___getQuery(Object(ProcessWire\Selectors), Array) #2 /html/paltron-staging/wire/core/WireHooks.php(733): ProcessWire\Wire->_callMethod('___getQuery', Array) #3 /html/paltron-staging/wire/core/Wire.php(442): ProcessWire\WireHooks->runHooks(Object(ProcessWire\PageFinder), 'getQuery', Array) #4 /html/paltron-staging/wire/core/PageFinder.php(407): ProcessWire\Wire->__call('getQuery', Array) #5 /html/paltron-staging/wire/core/Wire.php(386): ProcessWire\PageFinder->___find(Object(ProcessWire\Selectors), Array) #6 /html/paltron-staging/wire/core/WireHooks.php(733): ProcessWire\Wire->_callMethod('___find', Array) #7 /html/paltron-stagi
2019-06-27 17:02:26	admin	http://staging.paltron.com/expertise/iot/	Error: 	Exception: Operator '%=' is not implemented in FieldtypePage (in /html/paltron-staging/wire/modules/Fieldtype/FieldtypePage.module line 775)  #0 /html/paltron-staging/wire/core/PageFinder.php(1305): ProcessWire\FieldtypePage->getMatchQuery(Object(ProcessWire\DatabaseQuerySelect), 'field_author', 'data', '%=', '') #1 /html/paltron-staging/wire/core/Wire.php(386): ProcessWire\PageFinder->___getQuery(Object(ProcessWire\Selectors), Array) #2 /html/paltron-staging/wire/core/WireHooks.php(733): ProcessWire\Wire->_callMethod('___getQuery', Array) #3 /html/paltron-staging/wire/core/Wire.php(442): ProcessWire\WireHooks->runHooks(Object(ProcessWire\PageFinder), 'getQuery', Array) #4 /html/paltron-staging/wire/core/PageFinder.php(407): ProcessWire\Wire->__call('getQuery', Array) #5 /html/paltron-staging/wire/core/Wire.php(386): ProcessWire\PageFinder->___find(Object(ProcessWire\Selectors), Array) #6 /html/paltron-staging/wire/core/WireHooks.php(733): ProcessWire\Wire->_callMethod('___find', Array) #7 /html/paltron-stagi
2019-06-27 17:11:07	admin	http://staging.paltron.com/expertise/iot/iiot-experte/	Error: 	Exception: Operator '%=' is not implemented in FieldtypePage (in /html/paltron-staging/wire/modules/Fieldtype/FieldtypePage.module line 775)  #0 /html/paltron-staging/wire/core/PageFinder.php(1305): ProcessWire\FieldtypePage->getMatchQuery(Object(ProcessWire\DatabaseQuerySelect), 'field_author', 'data', '%=', '') #1 /html/paltron-staging/wire/core/Wire.php(386): ProcessWire\PageFinder->___getQuery(Object(ProcessWire\Selectors), Array) #2 /html/paltron-staging/wire/core/WireHooks.php(733): ProcessWire\Wire->_callMethod('___getQuery', Array) #3 /html/paltron-staging/wire/core/Wire.php(442): ProcessWire\WireHooks->runHooks(Object(ProcessWire\PageFinder), 'getQuery', Array) #4 /html/paltron-staging/wire/core/PageFinder.php(407): ProcessWire\Wire->__call('getQuery', Array) #5 /html/paltron-staging/wire/core/Wire.php(386): ProcessWire\PageFinder->___find(Object(ProcessWire\Selectors), Array) #6 /html/paltron-staging/wire/core/WireHooks.php(733): ProcessWire\Wire->_callMethod('___find', Array) #7 /html/paltron-stagi
2019-06-27 17:18:08	admin	http://staging.paltron.com/expertise/mobile-internet/	Error: 	Exception: Operator '%=' is not implemented in FieldtypePage (in /html/paltron-staging/wire/modules/Fieldtype/FieldtypePage.module line 775)  #0 /html/paltron-staging/wire/core/PageFinder.php(1305): ProcessWire\FieldtypePage->getMatchQuery(Object(ProcessWire\DatabaseQuerySelect), 'field_author', 'data', '%=', '') #1 /html/paltron-staging/wire/core/Wire.php(386): ProcessWire\PageFinder->___getQuery(Object(ProcessWire\Selectors), Array) #2 /html/paltron-staging/wire/core/WireHooks.php(733): ProcessWire\Wire->_callMethod('___getQuery', Array) #3 /html/paltron-staging/wire/core/Wire.php(442): ProcessWire\WireHooks->runHooks(Object(ProcessWire\PageFinder), 'getQuery', Array) #4 /html/paltron-staging/wire/core/PageFinder.php(407): ProcessWire\Wire->__call('getQuery', Array) #5 /html/paltron-staging/wire/core/Wire.php(386): ProcessWire\PageFinder->___find(Object(ProcessWire\Selectors), Array) #6 /html/paltron-staging/wire/core/WireHooks.php(733): ProcessWire\Wire->_callMethod('___find', Array) #7 /html/paltron-stagi
2019-06-27 17:22:57	admin	http://staging.paltron.com/expertise/immersive-media/	Error: 	Exception: Operator '%=' is not implemented in FieldtypePage (in /html/paltron-staging/wire/modules/Fieldtype/FieldtypePage.module line 775)  #0 /html/paltron-staging/wire/core/PageFinder.php(1305): ProcessWire\FieldtypePage->getMatchQuery(Object(ProcessWire\DatabaseQuerySelect), 'field_author', 'data', '%=', '') #1 /html/paltron-staging/wire/core/Wire.php(386): ProcessWire\PageFinder->___getQuery(Object(ProcessWire\Selectors), Array) #2 /html/paltron-staging/wire/core/WireHooks.php(733): ProcessWire\Wire->_callMethod('___getQuery', Array) #3 /html/paltron-staging/wire/core/Wire.php(442): ProcessWire\WireHooks->runHooks(Object(ProcessWire\PageFinder), 'getQuery', Array) #4 /html/paltron-staging/wire/core/PageFinder.php(407): ProcessWire\Wire->__call('getQuery', Array) #5 /html/paltron-staging/wire/core/Wire.php(386): ProcessWire\PageFinder->___find(Object(ProcessWire\Selectors), Array) #6 /html/paltron-staging/wire/core/WireHooks.php(733): ProcessWire\Wire->_callMethod('___find', Array) #7 /html/paltron-stagi
2019-06-27 17:35:29	admin	http://staging.paltron.com/expertise/robotik/	Error: 	Exception: Operator '%=' is not implemented in FieldtypePage (in /html/paltron-staging/wire/modules/Fieldtype/FieldtypePage.module line 775)  #0 /html/paltron-staging/wire/core/PageFinder.php(1305): ProcessWire\FieldtypePage->getMatchQuery(Object(ProcessWire\DatabaseQuerySelect), 'field_author', 'data', '%=', '') #1 /html/paltron-staging/wire/core/Wire.php(386): ProcessWire\PageFinder->___getQuery(Object(ProcessWire\Selectors), Array) #2 /html/paltron-staging/wire/core/WireHooks.php(733): ProcessWire\Wire->_callMethod('___getQuery', Array) #3 /html/paltron-staging/wire/core/Wire.php(442): ProcessWire\WireHooks->runHooks(Object(ProcessWire\PageFinder), 'getQuery', Array) #4 /html/paltron-staging/wire/core/PageFinder.php(407): ProcessWire\Wire->__call('getQuery', Array) #5 /html/paltron-staging/wire/core/Wire.php(386): ProcessWire\PageFinder->___find(Object(ProcessWire\Selectors), Array) #6 /html/paltron-staging/wire/core/WireHooks.php(733): ProcessWire\Wire->_callMethod('___find', Array) #7 /html/paltron-stagi
2019-06-27 17:40:17	admin	http://staging.paltron.com/expertise/mobile-technologies/	Error: 	Exception: Operator '%=' is not implemented in FieldtypePage (in /html/paltron-staging/wire/modules/Fieldtype/FieldtypePage.module line 775)  #0 /html/paltron-staging/wire/core/PageFinder.php(1305): ProcessWire\FieldtypePage->getMatchQuery(Object(ProcessWire\DatabaseQuerySelect), 'field_author', 'data', '%=', '') #1 /html/paltron-staging/wire/core/Wire.php(386): ProcessWire\PageFinder->___getQuery(Object(ProcessWire\Selectors), Array) #2 /html/paltron-staging/wire/core/WireHooks.php(733): ProcessWire\Wire->_callMethod('___getQuery', Array) #3 /html/paltron-staging/wire/core/Wire.php(442): ProcessWire\WireHooks->runHooks(Object(ProcessWire\PageFinder), 'getQuery', Array) #4 /html/paltron-staging/wire/core/PageFinder.php(407): ProcessWire\Wire->__call('getQuery', Array) #5 /html/paltron-staging/wire/core/Wire.php(386): ProcessWire\PageFinder->___find(Object(ProcessWire\Selectors), Array) #6 /html/paltron-staging/wire/core/WireHooks.php(733): ProcessWire\Wire->_callMethod('___find', Array) #7 /html/paltron-stagi
2019-06-27 17:44:17	admin	http://staging.paltron.com/expertise/energy-tech/	Error: 	Exception: Operator '%=' is not implemented in FieldtypePage (in /html/paltron-staging/wire/modules/Fieldtype/FieldtypePage.module line 775)  #0 /html/paltron-staging/wire/core/PageFinder.php(1305): ProcessWire\FieldtypePage->getMatchQuery(Object(ProcessWire\DatabaseQuerySelect), 'field_author', 'data', '%=', '') #1 /html/paltron-staging/wire/core/Wire.php(386): ProcessWire\PageFinder->___getQuery(Object(ProcessWire\Selectors), Array) #2 /html/paltron-staging/wire/core/WireHooks.php(733): ProcessWire\Wire->_callMethod('___getQuery', Array) #3 /html/paltron-staging/wire/core/Wire.php(442): ProcessWire\WireHooks->runHooks(Object(ProcessWire\PageFinder), 'getQuery', Array) #4 /html/paltron-staging/wire/core/PageFinder.php(407): ProcessWire\Wire->__call('getQuery', Array) #5 /html/paltron-staging/wire/core/Wire.php(386): ProcessWire\PageFinder->___find(Object(ProcessWire\Selectors), Array) #6 /html/paltron-staging/wire/core/WireHooks.php(733): ProcessWire\Wire->_callMethod('___find', Array) #7 /html/paltron-stagi
2019-06-27 17:49:10	admin	http://staging.paltron.com/expertise/geo-spatial-tech/	Error: 	Exception: Operator '%=' is not implemented in FieldtypePage (in /html/paltron-staging/wire/modules/Fieldtype/FieldtypePage.module line 775)  #0 /html/paltron-staging/wire/core/PageFinder.php(1305): ProcessWire\FieldtypePage->getMatchQuery(Object(ProcessWire\DatabaseQuerySelect), 'field_author', 'data', '%=', '') #1 /html/paltron-staging/wire/core/Wire.php(386): ProcessWire\PageFinder->___getQuery(Object(ProcessWire\Selectors), Array) #2 /html/paltron-staging/wire/core/WireHooks.php(733): ProcessWire\Wire->_callMethod('___getQuery', Array) #3 /html/paltron-staging/wire/core/Wire.php(442): ProcessWire\WireHooks->runHooks(Object(ProcessWire\PageFinder), 'getQuery', Array) #4 /html/paltron-staging/wire/core/PageFinder.php(407): ProcessWire\Wire->__call('getQuery', Array) #5 /html/paltron-staging/wire/core/Wire.php(386): ProcessWire\PageFinder->___find(Object(ProcessWire\Selectors), Array) #6 /html/paltron-staging/wire/core/WireHooks.php(733): ProcessWire\Wire->_callMethod('___find', Array) #7 /html/paltron-stagi
2019-06-27 17:52:55	admin	http://staging.paltron.com/expertise/blockchain/	Error: 	Exception: Operator '%=' is not implemented in FieldtypePage (in /html/paltron-staging/wire/modules/Fieldtype/FieldtypePage.module line 775)  #0 /html/paltron-staging/wire/core/PageFinder.php(1305): ProcessWire\FieldtypePage->getMatchQuery(Object(ProcessWire\DatabaseQuerySelect), 'field_author', 'data', '%=', '') #1 /html/paltron-staging/wire/core/Wire.php(386): ProcessWire\PageFinder->___getQuery(Object(ProcessWire\Selectors), Array) #2 /html/paltron-staging/wire/core/WireHooks.php(733): ProcessWire\Wire->_callMethod('___getQuery', Array) #3 /html/paltron-staging/wire/core/Wire.php(442): ProcessWire\WireHooks->runHooks(Object(ProcessWire\PageFinder), 'getQuery', Array) #4 /html/paltron-staging/wire/core/PageFinder.php(407): ProcessWire\Wire->__call('getQuery', Array) #5 /html/paltron-staging/wire/core/Wire.php(386): ProcessWire\PageFinder->___find(Object(ProcessWire\Selectors), Array) #6 /html/paltron-staging/wire/core/WireHooks.php(733): ProcessWire\Wire->_callMethod('___find', Array) #7 /html/paltron-stagi
2019-06-27 21:17:43	guest	http://staging.paltron.com/expertise/immersive-media/	Error: 	Exception: Operator '%=' is not implemented in FieldtypePage (in /html/paltron-staging/wire/modules/Fieldtype/FieldtypePage.module line 775)
2019-06-27 21:18:06	guest	http://staging.paltron.com/about-us/	Error: 	Exception: Operator '%=' is not implemented in FieldtypePage (in /html/paltron-staging/wire/modules/Fieldtype/FieldtypePage.module line 775)
2019-06-27 21:25:32	guest	http://staging.paltron.com/expertise/blockchain/	Error: 	Exception: Operator '%=' is not implemented in FieldtypePage (in /html/paltron-staging/wire/modules/Fieldtype/FieldtypePage.module line 775)
2019-06-27 21:27:09	guest	http://staging.paltron.com/expertise/it-consulting/	Error: 	Exception: Operator '%=' is not implemented in FieldtypePage (in /html/paltron-staging/wire/modules/Fieldtype/FieldtypePage.module line 775)
2019-06-27 21:27:18	guest	http://staging.paltron.com/expertise/blockchain/	Error: 	Exception: Operator '%=' is not implemented in FieldtypePage (in /html/paltron-staging/wire/modules/Fieldtype/FieldtypePage.module line 775)
2019-06-27 21:28:51	guest	http://staging.paltron.com/expertise/it-consulting/	Error: 	Exception: Operator '%=' is not implemented in FieldtypePage (in /html/paltron-staging/wire/modules/Fieldtype/FieldtypePage.module line 775)
2019-06-27 21:28:54	guest	http://staging.paltron.com/expertise/it-consulting/it-projektleiter/	Error: 	Exception: Operator '%=' is not implemented in FieldtypePage (in /html/paltron-staging/wire/modules/Fieldtype/FieldtypePage.module line 775)
2019-06-27 21:29:24	guest	http://staging.paltron.com/about-us/	Error: 	Exception: Operator '%=' is not implemented in FieldtypePage (in /html/paltron-staging/wire/modules/Fieldtype/FieldtypePage.module line 775)
2019-06-27 21:40:18	guest	http://staging.paltron.com/about-us/	Error: 	Exception: Operator '%=' is not implemented in FieldtypePage (in /html/paltron-staging/wire/modules/Fieldtype/FieldtypePage.module line 775)
2019-06-27 21:40:34	guest	http://staging.paltron.com/about-us/	Error: 	Exception: Operator '%=' is not implemented in FieldtypePage (in /html/paltron-staging/wire/modules/Fieldtype/FieldtypePage.module line 775)
2019-06-27 21:40:38	guest	http://staging.paltron.com/about-us/	Error: 	Exception: Operator '%=' is not implemented in FieldtypePage (in /html/paltron-staging/wire/modules/Fieldtype/FieldtypePage.module line 775)
2019-06-27 23:40:37	admin	http://staging.paltron.com/expertise/cyber-security/	Error: 	Exception: Operator '%=' is not implemented in FieldtypePage (in /html/paltron-staging/wire/modules/Fieldtype/FieldtypePage.module line 775)  #0 /html/paltron-staging/wire/core/PageFinder.php(1305): ProcessWire\FieldtypePage->getMatchQuery(Object(ProcessWire\DatabaseQuerySelect), 'field_author', 'data', '%=', '') #1 /html/paltron-staging/wire/core/Wire.php(386): ProcessWire\PageFinder->___getQuery(Object(ProcessWire\Selectors), Array) #2 /html/paltron-staging/wire/core/WireHooks.php(733): ProcessWire\Wire->_callMethod('___getQuery', Array) #3 /html/paltron-staging/wire/core/Wire.php(442): ProcessWire\WireHooks->runHooks(Object(ProcessWire\PageFinder), 'getQuery', Array) #4 /html/paltron-staging/wire/core/PageFinder.php(407): ProcessWire\Wire->__call('getQuery', Array) #5 /html/paltron-staging/wire/core/Wire.php(386): ProcessWire\PageFinder->___find(Object(ProcessWire\Selectors), Array) #6 /html/paltron-staging/wire/core/WireHooks.php(733): ProcessWire\Wire->_callMethod('___find', Array) #7 /html/paltron-stagi
2019-06-27 23:41:14	admin	http://staging.paltron.com/expertise/cyber-security/	Error: 	Exception: Operator '%=' is not implemented in FieldtypePage (in /html/paltron-staging/wire/modules/Fieldtype/FieldtypePage.module line 775)  #0 /html/paltron-staging/wire/core/PageFinder.php(1305): ProcessWire\FieldtypePage->getMatchQuery(Object(ProcessWire\DatabaseQuerySelect), 'field_author', 'data', '%=', '') #1 /html/paltron-staging/wire/core/Wire.php(386): ProcessWire\PageFinder->___getQuery(Object(ProcessWire\Selectors), Array) #2 /html/paltron-staging/wire/core/WireHooks.php(733): ProcessWire\Wire->_callMethod('___getQuery', Array) #3 /html/paltron-staging/wire/core/Wire.php(442): ProcessWire\WireHooks->runHooks(Object(ProcessWire\PageFinder), 'getQuery', Array) #4 /html/paltron-staging/wire/core/PageFinder.php(407): ProcessWire\Wire->__call('getQuery', Array) #5 /html/paltron-staging/wire/core/Wire.php(386): ProcessWire\PageFinder->___find(Object(ProcessWire\Selectors), Array) #6 /html/paltron-staging/wire/core/WireHooks.php(733): ProcessWire\Wire->_callMethod('___find', Array) #7 /html/paltron-stagi
2019-06-27 23:41:21	admin	http://staging.paltron.com/expertise/cyber-security/	Error: 	Exception: Operator '%=' is not implemented in FieldtypePage (in /html/paltron-staging/wire/modules/Fieldtype/FieldtypePage.module line 775)  #0 /html/paltron-staging/wire/core/PageFinder.php(1305): ProcessWire\FieldtypePage->getMatchQuery(Object(ProcessWire\DatabaseQuerySelect), 'field_author', 'data', '%=', '') #1 /html/paltron-staging/wire/core/Wire.php(386): ProcessWire\PageFinder->___getQuery(Object(ProcessWire\Selectors), Array) #2 /html/paltron-staging/wire/core/WireHooks.php(733): ProcessWire\Wire->_callMethod('___getQuery', Array) #3 /html/paltron-staging/wire/core/Wire.php(442): ProcessWire\WireHooks->runHooks(Object(ProcessWire\PageFinder), 'getQuery', Array) #4 /html/paltron-staging/wire/core/PageFinder.php(407): ProcessWire\Wire->__call('getQuery', Array) #5 /html/paltron-staging/wire/core/Wire.php(386): ProcessWire\PageFinder->___find(Object(ProcessWire\Selectors), Array) #6 /html/paltron-staging/wire/core/WireHooks.php(733): ProcessWire\Wire->_callMethod('___find', Array) #7 /html/paltron-stagi
2019-06-27 23:41:28	admin	http://staging.paltron.com/expertise/cyber-security/	Error: 	Exception: Operator '%=' is not implemented in FieldtypePage (in /html/paltron-staging/wire/modules/Fieldtype/FieldtypePage.module line 775)  #0 /html/paltron-staging/wire/core/PageFinder.php(1305): ProcessWire\FieldtypePage->getMatchQuery(Object(ProcessWire\DatabaseQuerySelect), 'field_author', 'data', '%=', '') #1 /html/paltron-staging/wire/core/Wire.php(386): ProcessWire\PageFinder->___getQuery(Object(ProcessWire\Selectors), Array) #2 /html/paltron-staging/wire/core/WireHooks.php(733): ProcessWire\Wire->_callMethod('___getQuery', Array) #3 /html/paltron-staging/wire/core/Wire.php(442): ProcessWire\WireHooks->runHooks(Object(ProcessWire\PageFinder), 'getQuery', Array) #4 /html/paltron-staging/wire/core/PageFinder.php(407): ProcessWire\Wire->__call('getQuery', Array) #5 /html/paltron-staging/wire/core/Wire.php(386): ProcessWire\PageFinder->___find(Object(ProcessWire\Selectors), Array) #6 /html/paltron-staging/wire/core/WireHooks.php(733): ProcessWire\Wire->_callMethod('___find', Array) #7 /html/paltron-stagi
2019-06-27 23:41:43	admin	http://staging.paltron.com/expertise/it-leadership/	Error: 	Exception: Operator '%=' is not implemented in FieldtypePage (in /html/paltron-staging/wire/modules/Fieldtype/FieldtypePage.module line 775)  #0 /html/paltron-staging/wire/core/PageFinder.php(1305): ProcessWire\FieldtypePage->getMatchQuery(Object(ProcessWire\DatabaseQuerySelect), 'field_author', 'data', '%=', '') #1 /html/paltron-staging/wire/core/Wire.php(386): ProcessWire\PageFinder->___getQuery(Object(ProcessWire\Selectors), Array) #2 /html/paltron-staging/wire/core/WireHooks.php(733): ProcessWire\Wire->_callMethod('___getQuery', Array) #3 /html/paltron-staging/wire/core/Wire.php(442): ProcessWire\WireHooks->runHooks(Object(ProcessWire\PageFinder), 'getQuery', Array) #4 /html/paltron-staging/wire/core/PageFinder.php(407): ProcessWire\Wire->__call('getQuery', Array) #5 /html/paltron-staging/wire/core/Wire.php(386): ProcessWire\PageFinder->___find(Object(ProcessWire\Selectors), Array) #6 /html/paltron-staging/wire/core/WireHooks.php(733): ProcessWire\Wire->_callMethod('___find', Array) #7 /html/paltron-stagi
2019-06-28 08:22:40	admin	http://staging.paltron.com/expertise/architektur/	Error: 	Exception: Operator '%=' is not implemented in FieldtypePage (in /html/paltron-staging/wire/modules/Fieldtype/FieldtypePage.module line 775)  #0 /html/paltron-staging/wire/core/PageFinder.php(1305): ProcessWire\FieldtypePage->getMatchQuery(Object(ProcessWire\DatabaseQuerySelect), 'field_author', 'data', '%=', '') #1 /html/paltron-staging/wire/core/Wire.php(386): ProcessWire\PageFinder->___getQuery(Object(ProcessWire\Selectors), Array) #2 /html/paltron-staging/wire/core/WireHooks.php(733): ProcessWire\Wire->_callMethod('___getQuery', Array) #3 /html/paltron-staging/wire/core/Wire.php(442): ProcessWire\WireHooks->runHooks(Object(ProcessWire\PageFinder), 'getQuery', Array) #4 /html/paltron-staging/wire/core/PageFinder.php(407): ProcessWire\Wire->__call('getQuery', Array) #5 /html/paltron-staging/wire/core/Wire.php(386): ProcessWire\PageFinder->___find(Object(ProcessWire\Selectors), Array) #6 /html/paltron-staging/wire/core/WireHooks.php(733): ProcessWire\Wire->_callMethod('___find', Array) #7 /html/paltron-stagi
2019-06-28 08:37:46	guest	http://staging.paltron.com/expertise/blockchain/	Error: 	Exception: Operator '%=' is not implemented in FieldtypePage (in /html/paltron-staging/wire/modules/Fieldtype/FieldtypePage.module line 775)
2019-06-28 08:38:39	guest	http://staging.paltron.com/expertise/energy-tech/	Error: 	Exception: Operator '%=' is not implemented in FieldtypePage (in /html/paltron-staging/wire/modules/Fieldtype/FieldtypePage.module line 775)
2019-06-28 08:39:52	guest	http://staging.paltron.com/about-us/	Error: 	Exception: Operator '%=' is not implemented in FieldtypePage (in /html/paltron-staging/wire/modules/Fieldtype/FieldtypePage.module line 775)
2019-06-28 09:19:13	guest	http://staging.paltron.com/expertise/blockchain/	Error: 	Exception: Operator '%=' is not implemented in FieldtypePage (in /html/paltron-staging/wire/modules/Fieldtype/FieldtypePage.module line 775)
2019-06-28 10:46:51	admin	http://staging.paltron.com/expertise/architektur/	Error: 	Exception: Operator '%=' is not implemented in FieldtypePage (in /html/paltron-staging/wire/modules/Fieldtype/FieldtypePage.module line 775)  #0 /html/paltron-staging/wire/core/PageFinder.php(1305): ProcessWire\FieldtypePage->getMatchQuery(Object(ProcessWire\DatabaseQuerySelect), 'field_author', 'data', '%=', '') #1 /html/paltron-staging/wire/core/Wire.php(386): ProcessWire\PageFinder->___getQuery(Object(ProcessWire\Selectors), Array) #2 /html/paltron-staging/wire/core/WireHooks.php(733): ProcessWire\Wire->_callMethod('___getQuery', Array) #3 /html/paltron-staging/wire/core/Wire.php(442): ProcessWire\WireHooks->runHooks(Object(ProcessWire\PageFinder), 'getQuery', Array) #4 /html/paltron-staging/wire/core/PageFinder.php(407): ProcessWire\Wire->__call('getQuery', Array) #5 /html/paltron-staging/wire/core/Wire.php(386): ProcessWire\PageFinder->___find(Object(ProcessWire\Selectors), Array) #6 /html/paltron-staging/wire/core/WireHooks.php(733): ProcessWire\Wire->_callMethod('___find', Array) #7 /html/paltron-stagi
2019-06-28 10:47:53	admin	http://staging.paltron.com/expertise/architektur/it-architekt/	Error: 	Exception: Operator '%=' is not implemented in FieldtypePage (in /html/paltron-staging/wire/modules/Fieldtype/FieldtypePage.module line 775)  #0 /html/paltron-staging/wire/core/PageFinder.php(1305): ProcessWire\FieldtypePage->getMatchQuery(Object(ProcessWire\DatabaseQuerySelect), 'field_author', 'data', '%=', '') #1 /html/paltron-staging/wire/core/Wire.php(386): ProcessWire\PageFinder->___getQuery(Object(ProcessWire\Selectors), Array) #2 /html/paltron-staging/wire/core/WireHooks.php(733): ProcessWire\Wire->_callMethod('___getQuery', Array) #3 /html/paltron-staging/wire/core/Wire.php(442): ProcessWire\WireHooks->runHooks(Object(ProcessWire\PageFinder), 'getQuery', Array) #4 /html/paltron-staging/wire/core/PageFinder.php(407): ProcessWire\Wire->__call('getQuery', Array) #5 /html/paltron-staging/wire/core/Wire.php(386): ProcessWire\PageFinder->___find(Object(ProcessWire\Selectors), Array) #6 /html/paltron-staging/wire/core/WireHooks.php(733): ProcessWire\Wire->_callMethod('___find', Array) #7 /html/paltron-stagi
2019-06-28 10:48:28	admin	http://staging.paltron.com/expertise/architektur/solution-architekt/	Error: 	Exception: Operator '%=' is not implemented in FieldtypePage (in /html/paltron-staging/wire/modules/Fieldtype/FieldtypePage.module line 775)  #0 /html/paltron-staging/wire/core/PageFinder.php(1305): ProcessWire\FieldtypePage->getMatchQuery(Object(ProcessWire\DatabaseQuerySelect), 'field_author', 'data', '%=', '') #1 /html/paltron-staging/wire/core/Wire.php(386): ProcessWire\PageFinder->___getQuery(Object(ProcessWire\Selectors), Array) #2 /html/paltron-staging/wire/core/WireHooks.php(733): ProcessWire\Wire->_callMethod('___getQuery', Array) #3 /html/paltron-staging/wire/core/Wire.php(442): ProcessWire\WireHooks->runHooks(Object(ProcessWire\PageFinder), 'getQuery', Array) #4 /html/paltron-staging/wire/core/PageFinder.php(407): ProcessWire\Wire->__call('getQuery', Array) #5 /html/paltron-staging/wire/core/Wire.php(386): ProcessWire\PageFinder->___find(Object(ProcessWire\Selectors), Array) #6 /html/paltron-staging/wire/core/WireHooks.php(733): ProcessWire\Wire->_callMethod('___find', Array) #7 /html/paltron-stagi
2019-06-28 10:49:02	admin	http://staging.paltron.com/expertise/architektur/enterprise-architekt/	Error: 	Exception: Operator '%=' is not implemented in FieldtypePage (in /html/paltron-staging/wire/modules/Fieldtype/FieldtypePage.module line 775)  #0 /html/paltron-staging/wire/core/PageFinder.php(1305): ProcessWire\FieldtypePage->getMatchQuery(Object(ProcessWire\DatabaseQuerySelect), 'field_author', 'data', '%=', '') #1 /html/paltron-staging/wire/core/Wire.php(386): ProcessWire\PageFinder->___getQuery(Object(ProcessWire\Selectors), Array) #2 /html/paltron-staging/wire/core/WireHooks.php(733): ProcessWire\Wire->_callMethod('___getQuery', Array) #3 /html/paltron-staging/wire/core/Wire.php(442): ProcessWire\WireHooks->runHooks(Object(ProcessWire\PageFinder), 'getQuery', Array) #4 /html/paltron-staging/wire/core/PageFinder.php(407): ProcessWire\Wire->__call('getQuery', Array) #5 /html/paltron-staging/wire/core/Wire.php(386): ProcessWire\PageFinder->___find(Object(ProcessWire\Selectors), Array) #6 /html/paltron-staging/wire/core/WireHooks.php(733): ProcessWire\Wire->_callMethod('___find', Array) #7 /html/paltron-stagi
2019-06-28 10:52:13	admin	http://staging.paltron.com/expertise/it-consulting/it-projektleiter/	Error: 	Exception: Operator '%=' is not implemented in FieldtypePage (in /html/paltron-staging/wire/modules/Fieldtype/FieldtypePage.module line 775)  #0 /html/paltron-staging/wire/core/PageFinder.php(1305): ProcessWire\FieldtypePage->getMatchQuery(Object(ProcessWire\DatabaseQuerySelect), 'field_author', 'data', '%=', '') #1 /html/paltron-staging/wire/core/Wire.php(386): ProcessWire\PageFinder->___getQuery(Object(ProcessWire\Selectors), Array) #2 /html/paltron-staging/wire/core/WireHooks.php(733): ProcessWire\Wire->_callMethod('___getQuery', Array) #3 /html/paltron-staging/wire/core/Wire.php(442): ProcessWire\WireHooks->runHooks(Object(ProcessWire\PageFinder), 'getQuery', Array) #4 /html/paltron-staging/wire/core/PageFinder.php(407): ProcessWire\Wire->__call('getQuery', Array) #5 /html/paltron-staging/wire/core/Wire.php(386): ProcessWire\PageFinder->___find(Object(ProcessWire\Selectors), Array) #6 /html/paltron-staging/wire/core/WireHooks.php(733): ProcessWire\Wire->_callMethod('___find', Array) #7 /html/paltron-stagi
2019-06-28 10:52:57	admin	http://staging.paltron.com/expertise/it-consulting/pre-sales-consultant/	Error: 	Exception: Operator '%=' is not implemented in FieldtypePage (in /html/paltron-staging/wire/modules/Fieldtype/FieldtypePage.module line 775)  #0 /html/paltron-staging/wire/core/PageFinder.php(1305): ProcessWire\FieldtypePage->getMatchQuery(Object(ProcessWire\DatabaseQuerySelect), 'field_author', 'data', '%=', '') #1 /html/paltron-staging/wire/core/Wire.php(386): ProcessWire\PageFinder->___getQuery(Object(ProcessWire\Selectors), Array) #2 /html/paltron-staging/wire/core/WireHooks.php(733): ProcessWire\Wire->_callMethod('___getQuery', Array) #3 /html/paltron-staging/wire/core/Wire.php(442): ProcessWire\WireHooks->runHooks(Object(ProcessWire\PageFinder), 'getQuery', Array) #4 /html/paltron-staging/wire/core/PageFinder.php(407): ProcessWire\Wire->__call('getQuery', Array) #5 /html/paltron-staging/wire/core/Wire.php(386): ProcessWire\PageFinder->___find(Object(ProcessWire\Selectors), Array) #6 /html/paltron-staging/wire/core/WireHooks.php(733): ProcessWire\Wire->_callMethod('___find', Array) #7 /html/paltron-stagi
2019-06-28 10:53:56	admin	http://staging.paltron.com/expertise/cyber-security/it-security-engineer/	Error: 	Exception: Operator '%=' is not implemented in FieldtypePage (in /html/paltron-staging/wire/modules/Fieldtype/FieldtypePage.module line 775)  #0 /html/paltron-staging/wire/core/PageFinder.php(1305): ProcessWire\FieldtypePage->getMatchQuery(Object(ProcessWire\DatabaseQuerySelect), 'field_author', 'data', '%=', '') #1 /html/paltron-staging/wire/core/Wire.php(386): ProcessWire\PageFinder->___getQuery(Object(ProcessWire\Selectors), Array) #2 /html/paltron-staging/wire/core/WireHooks.php(733): ProcessWire\Wire->_callMethod('___getQuery', Array) #3 /html/paltron-staging/wire/core/Wire.php(442): ProcessWire\WireHooks->runHooks(Object(ProcessWire\PageFinder), 'getQuery', Array) #4 /html/paltron-staging/wire/core/PageFinder.php(407): ProcessWire\Wire->__call('getQuery', Array) #5 /html/paltron-staging/wire/core/Wire.php(386): ProcessWire\PageFinder->___find(Object(ProcessWire\Selectors), Array) #6 /html/paltron-staging/wire/core/WireHooks.php(733): ProcessWire\Wire->_callMethod('___find', Array) #7 /html/paltron-stagi
2019-06-28 10:54:48	admin	http://staging.paltron.com/expertise/cyber-security/devsecops-experte/	Error: 	Exception: Operator '%=' is not implemented in FieldtypePage (in /html/paltron-staging/wire/modules/Fieldtype/FieldtypePage.module line 775)  #0 /html/paltron-staging/wire/core/PageFinder.php(1305): ProcessWire\FieldtypePage->getMatchQuery(Object(ProcessWire\DatabaseQuerySelect), 'field_author', 'data', '%=', '') #1 /html/paltron-staging/wire/core/Wire.php(386): ProcessWire\PageFinder->___getQuery(Object(ProcessWire\Selectors), Array) #2 /html/paltron-staging/wire/core/WireHooks.php(733): ProcessWire\Wire->_callMethod('___getQuery', Array) #3 /html/paltron-staging/wire/core/Wire.php(442): ProcessWire\WireHooks->runHooks(Object(ProcessWire\PageFinder), 'getQuery', Array) #4 /html/paltron-staging/wire/core/PageFinder.php(407): ProcessWire\Wire->__call('getQuery', Array) #5 /html/paltron-staging/wire/core/Wire.php(386): ProcessWire\PageFinder->___find(Object(ProcessWire\Selectors), Array) #6 /html/paltron-staging/wire/core/WireHooks.php(733): ProcessWire\Wire->_callMethod('___find', Array) #7 /html/paltron-stagi
2019-06-28 10:55:20	admin	http://staging.paltron.com/expertise/cyber-security/devsecops-experte/	Error: 	Exception: Operator '%=' is not implemented in FieldtypePage (in /html/paltron-staging/wire/modules/Fieldtype/FieldtypePage.module line 775)  #0 /html/paltron-staging/wire/core/PageFinder.php(1305): ProcessWire\FieldtypePage->getMatchQuery(Object(ProcessWire\DatabaseQuerySelect), 'field_author', 'data', '%=', '') #1 /html/paltron-staging/wire/core/Wire.php(386): ProcessWire\PageFinder->___getQuery(Object(ProcessWire\Selectors), Array) #2 /html/paltron-staging/wire/core/WireHooks.php(733): ProcessWire\Wire->_callMethod('___getQuery', Array) #3 /html/paltron-staging/wire/core/Wire.php(442): ProcessWire\WireHooks->runHooks(Object(ProcessWire\PageFinder), 'getQuery', Array) #4 /html/paltron-staging/wire/core/PageFinder.php(407): ProcessWire\Wire->__call('getQuery', Array) #5 /html/paltron-staging/wire/core/Wire.php(386): ProcessWire\PageFinder->___find(Object(ProcessWire\Selectors), Array) #6 /html/paltron-staging/wire/core/WireHooks.php(733): ProcessWire\Wire->_callMethod('___find', Array) #7 /html/paltron-stagi
2019-06-28 10:55:52	admin	http://staging.paltron.com/expertise/cyber-security/security-auditor/	Error: 	Exception: Operator '%=' is not implemented in FieldtypePage (in /html/paltron-staging/wire/modules/Fieldtype/FieldtypePage.module line 775)  #0 /html/paltron-staging/wire/core/PageFinder.php(1305): ProcessWire\FieldtypePage->getMatchQuery(Object(ProcessWire\DatabaseQuerySelect), 'field_author', 'data', '%=', '') #1 /html/paltron-staging/wire/core/Wire.php(386): ProcessWire\PageFinder->___getQuery(Object(ProcessWire\Selectors), Array) #2 /html/paltron-staging/wire/core/WireHooks.php(733): ProcessWire\Wire->_callMethod('___getQuery', Array) #3 /html/paltron-staging/wire/core/Wire.php(442): ProcessWire\WireHooks->runHooks(Object(ProcessWire\PageFinder), 'getQuery', Array) #4 /html/paltron-staging/wire/core/PageFinder.php(407): ProcessWire\Wire->__call('getQuery', Array) #5 /html/paltron-staging/wire/core/Wire.php(386): ProcessWire\PageFinder->___find(Object(ProcessWire\Selectors), Array) #6 /html/paltron-staging/wire/core/WireHooks.php(733): ProcessWire\Wire->_callMethod('___find', Array) #7 /html/paltron-stagi
2019-06-28 11:14:07	admin	http://staging.paltron.com/expertise/it-leadership/it-projektleiter/	Error: 	Exception: Operator '%=' is not implemented in FieldtypePage (in /html/paltron-staging/wire/modules/Fieldtype/FieldtypePage.module line 775)  #0 /html/paltron-staging/wire/core/PageFinder.php(1305): ProcessWire\FieldtypePage->getMatchQuery(Object(ProcessWire\DatabaseQuerySelect), 'field_author', 'data', '%=', '') #1 /html/paltron-staging/wire/core/Wire.php(386): ProcessWire\PageFinder->___getQuery(Object(ProcessWire\Selectors), Array) #2 /html/paltron-staging/wire/core/WireHooks.php(733): ProcessWire\Wire->_callMethod('___getQuery', Array) #3 /html/paltron-staging/wire/core/Wire.php(442): ProcessWire\WireHooks->runHooks(Object(ProcessWire\PageFinder), 'getQuery', Array) #4 /html/paltron-staging/wire/core/PageFinder.php(407): ProcessWire\Wire->__call('getQuery', Array) #5 /html/paltron-staging/wire/core/Wire.php(386): ProcessWire\PageFinder->___find(Object(ProcessWire\Selectors), Array) #6 /html/paltron-staging/wire/core/WireHooks.php(733): ProcessWire\Wire->_callMethod('___find', Array) #7 /html/paltron-stagi
2019-06-28 11:17:29	admin	http://staging.paltron.com/expertise/erp/sap-consultant/	Error: 	Exception: Operator '%=' is not implemented in FieldtypePage (in /html/paltron-staging/wire/modules/Fieldtype/FieldtypePage.module line 775)  #0 /html/paltron-staging/wire/core/PageFinder.php(1305): ProcessWire\FieldtypePage->getMatchQuery(Object(ProcessWire\DatabaseQuerySelect), 'field_author', 'data', '%=', '') #1 /html/paltron-staging/wire/core/Wire.php(386): ProcessWire\PageFinder->___getQuery(Object(ProcessWire\Selectors), Array) #2 /html/paltron-staging/wire/core/WireHooks.php(733): ProcessWire\Wire->_callMethod('___getQuery', Array) #3 /html/paltron-staging/wire/core/Wire.php(442): ProcessWire\WireHooks->runHooks(Object(ProcessWire\PageFinder), 'getQuery', Array) #4 /html/paltron-staging/wire/core/PageFinder.php(407): ProcessWire\Wire->__call('getQuery', Array) #5 /html/paltron-staging/wire/core/Wire.php(386): ProcessWire\PageFinder->___find(Object(ProcessWire\Selectors), Array) #6 /html/paltron-staging/wire/core/WireHooks.php(733): ProcessWire\Wire->_callMethod('___find', Array) #7 /html/paltron-stagi
2019-06-28 11:18:51	admin	http://staging.paltron.com/expertise/it-projektmanagement/	Error: 	Exception: Operator '%=' is not implemented in FieldtypePage (in /html/paltron-staging/wire/modules/Fieldtype/FieldtypePage.module line 775)  #0 /html/paltron-staging/wire/core/PageFinder.php(1305): ProcessWire\FieldtypePage->getMatchQuery(Object(ProcessWire\DatabaseQuerySelect), 'field_author', 'data', '%=', '') #1 /html/paltron-staging/wire/core/Wire.php(386): ProcessWire\PageFinder->___getQuery(Object(ProcessWire\Selectors), Array) #2 /html/paltron-staging/wire/core/WireHooks.php(733): ProcessWire\Wire->_callMethod('___getQuery', Array) #3 /html/paltron-staging/wire/core/Wire.php(442): ProcessWire\WireHooks->runHooks(Object(ProcessWire\PageFinder), 'getQuery', Array) #4 /html/paltron-staging/wire/core/PageFinder.php(407): ProcessWire\Wire->__call('getQuery', Array) #5 /html/paltron-staging/wire/core/Wire.php(386): ProcessWire\PageFinder->___find(Object(ProcessWire\Selectors), Array) #6 /html/paltron-staging/wire/core/WireHooks.php(733): ProcessWire\Wire->_callMethod('___find', Array) #7 /html/paltron-stagi
2019-06-28 11:19:46	admin	http://staging.paltron.com/expertise/cloud/	Error: 	Exception: Operator '%=' is not implemented in FieldtypePage (in /html/paltron-staging/wire/modules/Fieldtype/FieldtypePage.module line 775)  #0 /html/paltron-staging/wire/core/PageFinder.php(1305): ProcessWire\FieldtypePage->getMatchQuery(Object(ProcessWire\DatabaseQuerySelect), 'field_author', 'data', '%=', '') #1 /html/paltron-staging/wire/core/Wire.php(386): ProcessWire\PageFinder->___getQuery(Object(ProcessWire\Selectors), Array) #2 /html/paltron-staging/wire/core/WireHooks.php(733): ProcessWire\Wire->_callMethod('___getQuery', Array) #3 /html/paltron-staging/wire/core/Wire.php(442): ProcessWire\WireHooks->runHooks(Object(ProcessWire\PageFinder), 'getQuery', Array) #4 /html/paltron-staging/wire/core/PageFinder.php(407): ProcessWire\Wire->__call('getQuery', Array) #5 /html/paltron-staging/wire/core/Wire.php(386): ProcessWire\PageFinder->___find(Object(ProcessWire\Selectors), Array) #6 /html/paltron-staging/wire/core/WireHooks.php(733): ProcessWire\Wire->_callMethod('___find', Array) #7 /html/paltron-stagi
2019-06-28 11:21:33	admin	http://staging.paltron.com/expertise/data-science/	Error: 	Exception: Operator '%=' is not implemented in FieldtypePage (in /html/paltron-staging/wire/modules/Fieldtype/FieldtypePage.module line 775)  #0 /html/paltron-staging/wire/core/PageFinder.php(1305): ProcessWire\FieldtypePage->getMatchQuery(Object(ProcessWire\DatabaseQuerySelect), 'field_author', 'data', '%=', '') #1 /html/paltron-staging/wire/core/Wire.php(386): ProcessWire\PageFinder->___getQuery(Object(ProcessWire\Selectors), Array) #2 /html/paltron-staging/wire/core/WireHooks.php(733): ProcessWire\Wire->_callMethod('___getQuery', Array) #3 /html/paltron-staging/wire/core/Wire.php(442): ProcessWire\WireHooks->runHooks(Object(ProcessWire\PageFinder), 'getQuery', Array) #4 /html/paltron-staging/wire/core/PageFinder.php(407): ProcessWire\Wire->__call('getQuery', Array) #5 /html/paltron-staging/wire/core/Wire.php(386): ProcessWire\PageFinder->___find(Object(ProcessWire\Selectors), Array) #6 /html/paltron-staging/wire/core/WireHooks.php(733): ProcessWire\Wire->_callMethod('___find', Array) #7 /html/paltron-stagi
2019-06-28 11:26:27	admin	http://staging.paltron.com/expertise/machine-learning/deep-learning-experte/	Error: 	Exception: Operator '%=' is not implemented in FieldtypePage (in /html/paltron-staging/wire/modules/Fieldtype/FieldtypePage.module line 775)  #0 /html/paltron-staging/wire/core/PageFinder.php(1305): ProcessWire\FieldtypePage->getMatchQuery(Object(ProcessWire\DatabaseQuerySelect), 'field_author', 'data', '%=', '') #1 /html/paltron-staging/wire/core/Wire.php(386): ProcessWire\PageFinder->___getQuery(Object(ProcessWire\Selectors), Array) #2 /html/paltron-staging/wire/core/WireHooks.php(733): ProcessWire\Wire->_callMethod('___getQuery', Array) #3 /html/paltron-staging/wire/core/Wire.php(442): ProcessWire\WireHooks->runHooks(Object(ProcessWire\PageFinder), 'getQuery', Array) #4 /html/paltron-staging/wire/core/PageFinder.php(407): ProcessWire\Wire->__call('getQuery', Array) #5 /html/paltron-staging/wire/core/Wire.php(386): ProcessWire\PageFinder->___find(Object(ProcessWire\Selectors), Array) #6 /html/paltron-staging/wire/core/WireHooks.php(733): ProcessWire\Wire->_callMethod('___find', Array) #7 /html/paltron-stagi
2019-06-28 11:30:09	admin	http://staging.paltron.com/expertise/geo-spatial-tech/	Error: 	Exception: Operator '%=' is not implemented in FieldtypePage (in /html/paltron-staging/wire/modules/Fieldtype/FieldtypePage.module line 775)  #0 /html/paltron-staging/wire/core/PageFinder.php(1305): ProcessWire\FieldtypePage->getMatchQuery(Object(ProcessWire\DatabaseQuerySelect), 'field_author', 'data', '%=', '') #1 /html/paltron-staging/wire/core/Wire.php(386): ProcessWire\PageFinder->___getQuery(Object(ProcessWire\Selectors), Array) #2 /html/paltron-staging/wire/core/WireHooks.php(733): ProcessWire\Wire->_callMethod('___getQuery', Array) #3 /html/paltron-staging/wire/core/Wire.php(442): ProcessWire\WireHooks->runHooks(Object(ProcessWire\PageFinder), 'getQuery', Array) #4 /html/paltron-staging/wire/core/PageFinder.php(407): ProcessWire\Wire->__call('getQuery', Array) #5 /html/paltron-staging/wire/core/Wire.php(386): ProcessWire\PageFinder->___find(Object(ProcessWire\Selectors), Array) #6 /html/paltron-staging/wire/core/WireHooks.php(733): ProcessWire\Wire->_callMethod('___find', Array) #7 /html/paltron-stagi
2019-06-30 18:51:02	admin	http://staging.paltron.com/en/expertise/it-consulting/	Fatal Error: 	Uncaught Error: Call to a member function count() on null in /html/paltron-staging/site/assets/cache/FileCompiler/site/templates/expertise.php:116 Stack trace: #0 /html/paltron-staging/wire/core/TemplateFile.php(287): require() #1 /html/paltron-staging/wire/core/Wire.php(380): ProcessWire\TemplateFile->___render() #2 /html/paltron-staging/wire/core/WireHooks.php(733): ProcessWire\Wire->_callMethod('___render', Array) #3 /html/paltron-staging/wire/core/Wire.php(442): ProcessWire\WireHooks->runHooks(Object(ProcessWire\TemplateFile), 'render', Array) #4 /html/paltron-staging/wire/modules/PageRender.module(514): ProcessWire\Wire->__call('render', Array) #5 /html/paltron-staging/wire/core/Wire.php(383): ProcessWire\PageRender->___renderPage(Object(ProcessWire\HookEvent)) #6 /html/paltron-staging/wire/core/WireHooks.php(733): ProcessWire\Wire->_callMethod('___renderPage', Array) #7 /html/paltron-staging/wire/core/Wire.php(442): ProcessWire\WireHooks->runHooks(Object(ProcessWire\PageRender), 'renderPage', Array) #8  (line 116 of /html/paltron-staging/site/assets/cache/FileCompiler/site/templates/expertise.php)
2019-07-01 16:09:15	guest	http://staging.paltron.com/	Compile Error: 	Namespace declaration statement has to be the very first statement or after any declare call in the script (line 1 of /html/paltron-staging/site/assets/cache/FileCompiler/site/templates/includes/head.inc)
2019-07-01 16:11:13	admin	http://staging.paltron.com/expertise/cloud/	Compile Error: 	Namespace declaration statement has to be the very first statement or after any declare call in the script (line 1 of /html/paltron-staging/site/assets/cache/FileCompiler/site/templates/includes/head.inc)
2019-07-01 16:11:17	admin	http://staging.paltron.com/expertise/cloud/	Compile Error: 	Namespace declaration statement has to be the very first statement or after any declare call in the script (line 1 of /html/paltron-staging/site/assets/cache/FileCompiler/site/templates/includes/head.inc)
2019-07-01 16:11:19	admin	http://staging.paltron.com/	Compile Error: 	Namespace declaration statement has to be the very first statement or after any declare call in the script (line 1 of /html/paltron-staging/site/assets/cache/FileCompiler/site/templates/includes/head.inc)
2019-07-01 16:13:29	admin	http://staging.paltron.com/expertise/blockchain/	Compile Error: 	Namespace declaration statement has to be the very first statement or after any declare call in the script (line 1 of /html/paltron-staging/site/assets/cache/FileCompiler/site/templates/includes/head.inc)
2019-07-01 16:13:45	admin	http://staging.paltron.com/expertise/architektur/	Compile Error: 	Namespace declaration statement has to be the very first statement or after any declare call in the script (line 1 of /html/paltron-staging/site/assets/cache/FileCompiler/site/templates/includes/head.inc)
2019-07-01 16:13:57	admin	http://staging.paltron.com/expertise/data-science/	Compile Error: 	Namespace declaration statement has to be the very first statement or after any declare call in the script (line 1 of /html/paltron-staging/site/assets/cache/FileCompiler/site/templates/includes/head.inc)
2019-07-01 16:14:58	admin	http://staging.paltron.com/expertise/mobile-internet/	Compile Error: 	Namespace declaration statement has to be the very first statement or after any declare call in the script (line 1 of /html/paltron-staging/site/assets/cache/FileCompiler/site/templates/includes/head.inc)
2019-07-01 16:16:11	guest	http://staging.paltron.com/expertise/architektur/	Compile Error: 	Namespace declaration statement has to be the very first statement or after any declare call in the script (line 1 of /html/paltron-staging/site/assets/cache/FileCompiler/site/templates/includes/head.inc)
2019-07-01 16:17:26	guest	http://staging.paltron.com/	Compile Error: 	Namespace declaration statement has to be the very first statement or after any declare call in the script (line 1 of /html/paltron-staging/site/assets/cache/FileCompiler/site/templates/includes/head.inc)
2019-07-01 16:18:28	guest	http://staging.paltron.com/job/apply-job/	Compile Error: 	Namespace declaration statement has to be the very first statement or after any declare call in the script (line 1 of /html/paltron-staging/site/assets/cache/FileCompiler/site/templates/includes/head.inc)
2019-07-01 16:21:47	guest	http://staging.paltron.com/expertise/it-consulting/	Compile Error: 	Namespace declaration statement has to be the very first statement or after any declare call in the script (line 1 of /html/paltron-staging/site/assets/cache/FileCompiler/site/templates/includes/head.inc)
2019-07-01 16:22:42	guest	http://staging.paltron.com/	Compile Error: 	Namespace declaration statement has to be the very first statement or after any declare call in the script (line 1 of /html/paltron-staging/site/assets/cache/FileCompiler/site/templates/includes/head.inc)
2019-07-01 16:25:44	admin	http://staging.paltron.com/	Compile Error: 	Namespace declaration statement has to be the very first statement or after any declare call in the script (line 1 of /html/paltron-staging/site/assets/cache/FileCompiler/site/templates/includes/head.inc)
2019-07-01 16:25:46	admin	http://staging.paltron.com/	Compile Error: 	Namespace declaration statement has to be the very first statement or after any declare call in the script (line 1 of /html/paltron-staging/site/assets/cache/FileCompiler/site/templates/includes/head.inc)
2019-07-01 16:26:26	guest	http://staging.paltron.com/expertise/machine-learning/	Compile Error: 	Namespace declaration statement has to be the very first statement or after any declare call in the script (line 1 of /html/paltron-staging/site/assets/cache/FileCompiler/site/templates/includes/head.inc)
2019-07-01 16:26:59	admin	http://staging.paltron.com/	Compile Error: 	Namespace declaration statement has to be the very first statement or after any declare call in the script (line 1 of /html/paltron-staging/site/assets/cache/FileCompiler/site/templates/includes/head.inc)
2019-07-01 16:27:37	guest	http://staging.paltron.com/	Compile Error: 	Namespace declaration statement has to be the very first statement or after any declare call in the script (line 1 of /html/paltron-staging/site/assets/cache/FileCompiler/site/templates/includes/head.inc)
2019-07-01 16:28:18	admin	http://staging.paltron.com/news-feed/uebernahme-durch-neuen-investor/	Compile Error: 	Namespace declaration statement has to be the very first statement or after any declare call in the script (line 1 of /html/paltron-staging/site/assets/cache/FileCompiler/site/templates/includes/head.inc)
2019-07-01 16:28:21	guest	http://staging.paltron.com/	Compile Error: 	Namespace declaration statement has to be the very first statement or after any declare call in the script (line 1 of /html/paltron-staging/site/assets/cache/FileCompiler/site/templates/includes/head.inc)
2019-07-01 16:28:23	guest	http://staging.paltron.com/	Compile Error: 	Namespace declaration statement has to be the very first statement or after any declare call in the script (line 1 of /html/paltron-staging/site/assets/cache/FileCompiler/site/templates/includes/head.inc)
2019-07-01 16:28:29	admin	http://staging.paltron.com/expertise/it-consulting/	Compile Error: 	Namespace declaration statement has to be the very first statement or after any declare call in the script (line 1 of /html/paltron-staging/site/assets/cache/FileCompiler/site/templates/includes/head.inc)
2019-07-01 16:28:30	admin	http://staging.paltron.com/expertise/architektur/	Compile Error: 	Namespace declaration statement has to be the very first statement or after any declare call in the script (line 1 of /html/paltron-staging/site/assets/cache/FileCompiler/site/templates/includes/head.inc)
2019-07-01 16:29:50	guest	http://staging.paltron.com/	Compile Error: 	Namespace declaration statement has to be the very first statement or after any declare call in the script (line 1 of /html/paltron-staging/site/assets/cache/FileCompiler/site/templates/includes/head.inc)
2019-07-01 16:29:53	guest	http://staging.paltron.com/	Compile Error: 	Namespace declaration statement has to be the very first statement or after any declare call in the script (line 1 of /html/paltron-staging/site/assets/cache/FileCompiler/site/templates/includes/head.inc)
2019-07-01 16:29:54	guest	http://staging.paltron.com/	Compile Error: 	Namespace declaration statement has to be the very first statement or after any declare call in the script (line 1 of /html/paltron-staging/site/assets/cache/FileCompiler/site/templates/includes/head.inc)
2019-07-01 16:31:07	guest	http://staging.paltron.com/	Compile Error: 	Namespace declaration statement has to be the very first statement or after any declare call in the script (line 1 of /html/paltron-staging/site/assets/cache/FileCompiler/site/templates/includes/head.inc)
2019-07-01 16:31:17	guest	http://staging.paltron.com/	Compile Error: 	Namespace declaration statement has to be the very first statement or after any declare call in the script (line 1 of /html/paltron-staging/site/assets/cache/FileCompiler/site/templates/includes/head.inc)
2019-07-01 16:31:43	guest	http://staging.paltron.com/	Compile Error: 	Namespace declaration statement has to be the very first statement or after any declare call in the script (line 1 of /html/paltron-staging/site/assets/cache/FileCompiler/site/templates/includes/head.inc)
2019-07-01 16:33:44	guest	http://staging.paltron.com/	Compile Error: 	Namespace declaration statement has to be the very first statement or after any declare call in the script (line 1 of /html/paltron-staging/site/assets/cache/FileCompiler/site/templates/includes/head.inc)
2019-07-01 16:34:30	guest	http://staging.paltron.com/	Compile Error: 	Namespace declaration statement has to be the very first statement or after any declare call in the script (line 1 of /html/paltron-staging/site/assets/cache/FileCompiler/site/templates/includes/head.inc)
2019-07-01 16:34:35	admin	http://staging.paltron.com/	Compile Error: 	Namespace declaration statement has to be the very first statement or after any declare call in the script (line 1 of /html/paltron-staging/site/assets/cache/FileCompiler/site/templates/includes/head.inc)
2019-07-01 16:34:51	guest	http://staging.paltron.com/	Compile Error: 	Namespace declaration statement has to be the very first statement or after any declare call in the script (line 1 of /html/paltron-staging/site/assets/cache/FileCompiler/site/templates/includes/head.inc)
2019-07-01 16:34:59	guest	http://staging.paltron.com/http404/	Compile Error: 	Namespace declaration statement has to be the very first statement or after any declare call in the script (line 1 of /html/paltron-staging/site/assets/cache/FileCompiler/site/templates/includes/head.inc)
2019-07-01 16:36:19	guest	http://staging.paltron.com/	Compile Error: 	Namespace declaration statement has to be the very first statement or after any declare call in the script (line 1 of /html/paltron-staging/site/assets/cache/FileCompiler/site/templates/includes/head.inc)
2019-07-02 14:07:17	admin	http://staging.paltron.com/	Fatal Error: 	Uncaught Error: Call to a member function getLanguageValue() on null in /html/paltron-staging/site/templates/includes/head.inc:139 Stack trace: #0 /html/paltron-staging/site/assets/cache/FileCompiler/site/templates/home.php(8): include() #1 /html/paltron-staging/wire/core/TemplateFile.php(287): require('/html/paltron-s...') #2 /html/paltron-staging/wire/core/Wire.php(380): ProcessWire\TemplateFile->___render() #3 /html/paltron-staging/wire/core/WireHooks.php(733): ProcessWire\Wire->_callMethod('___render', Array) #4 /html/paltron-staging/wire/core/Wire.php(442): ProcessWire\WireHooks->runHooks(Object(ProcessWire\TemplateFile), 'render', Array) #5 /html/paltron-staging/wire/modules/PageRender.module(514): ProcessWire\Wire->__call('render', Array) #6 /html/paltron-staging/wire/core/Wire.php(383): ProcessWire\PageRender->___renderPage(Object(ProcessWire\HookEvent)) #7 /html/paltron-staging/wire/core/WireHooks.php(733): ProcessWire\Wire->_callMethod('___renderPage', Array) #8 /html/paltron-staging/wire/core/Wire. (line 139 of /html/paltron-staging/site/templates/includes/head.inc)
2019-07-11 10:39:51	?	http://staging.paltron.com/	Error: 	Exception: SQLSTATE[HY000] [2002] A connection attempt failed because the connected party did not properly respond after a period of time, or established connection failed because connected host has failed to respond.   (in C:\My workspace\processwire-dev\wire\core\ProcessWire.php line 398)
2019-07-11 11:19:50	?	http://localhost/	Error: 	Exception: SQLSTATE[HY000] [2002] A connection attempt failed because the connected party did not properly respond after a period of time, or established connection failed because connected host has failed to respond.   (in C:\My workspace\processwire-dev\wire\core\ProcessWire.php line 398)
2019-07-11 11:20:56	?	http://localhost/	Error: 	Exception: SQLSTATE[HY000] [2002] A connection attempt failed because the connected party did not properly respond after a period of time, or established connection failed because connected host has failed to respond.   (in C:\My workspace\processwire-dev\wire\core\ProcessWire.php line 398)
2019-07-16 20:20:48	guest	http://localhost/	Fatal Error: 	Maximum execution time of 30 seconds exceeded (line 482 of C:\My workspace\processwire-dev\wire\core\WireDatabasePDO.php)
